The system is: Linux - 4.4.0-19041-Microsoft - x86_64
Compiling the C compiler identification source file "CMakeCCompilerId.c" succeeded.
Compiler: /usr/bin/gcc 
Build flags: 
Id flags:  

The output was:
0


Compilation of the C compiler identification source "CMakeCCompilerId.c" produced "a.out"

The C compiler identification is GNU, found in "/root/MiniSQL_v3/build/CMakeFiles/3.16.3/CompilerIdC/a.out"

Compiling the CXX compiler identification source file "CMakeCXXCompilerId.cpp" succeeded.
Compiler: /usr/bin/g++ 
Build flags: 
Id flags:  

The output was:
0


Compilation of the CXX compiler identification source "CMakeCXXCompilerId.cpp" produced "a.out"

The CXX compiler identification is GNU, found in "/root/MiniSQL_v3/build/CMakeFiles/3.16.3/CompilerIdCXX/a.out"

Determining if the C compiler works passed with the following output:
Change Dir: /root/MiniSQL_v3/build/CMakeFiles/CMakeTmp

Run Build Command(s):/usr/bin/make cmTC_a389c/fast && /usr/bin/make -f CMakeFiles/cmTC_a389c.dir/build.make CMakeFiles/cmTC_a389c.dir/build
make[1]: Entering directory '/root/MiniSQL_v3/build/CMakeFiles/CMakeTmp'
Building C object CMakeFiles/cmTC_a389c.dir/testCCompiler.c.o
/usr/bin/gcc    -o CMakeFiles/cmTC_a389c.dir/testCCompiler.c.o   -c /root/MiniSQL_v3/build/CMakeFiles/CMakeTmp/testCCompiler.c
Linking C executable cmTC_a389c
/usr/bin/cmake -E cmake_link_script CMakeFiles/cmTC_a389c.dir/link.txt --verbose=1
/usr/bin/gcc      CMakeFiles/cmTC_a389c.dir/testCCompiler.c.o  -o cmTC_a389c 
make[1]: Leaving directory '/root/MiniSQL_v3/build/CMakeFiles/CMakeTmp'



Detecting C compiler ABI info compiled with the following output:
Change Dir: /root/MiniSQL_v3/build/CMakeFiles/CMakeTmp

Run Build Command(s):/usr/bin/make cmTC_f48b9/fast && /usr/bin/make -f CMakeFiles/cmTC_f48b9.dir/build.make CMakeFiles/cmTC_f48b9.dir/build
make[1]: Entering directory '/root/MiniSQL_v3/build/CMakeFiles/CMakeTmp'
Building C object CMakeFiles/cmTC_f48b9.dir/CMakeCCompilerABI.c.o
/usr/bin/gcc   -v -o CMakeFiles/cmTC_f48b9.dir/CMakeCCompilerABI.c.o   -c /usr/share/cmake-3.16/Modules/CMakeCCompilerABI.c
Using built-in specs.
COLLECT_GCC=/usr/bin/gcc
OFFLOAD_TARGET_NAMES=nvptx-none:hsa
OFFLOAD_TARGET_DEFAULT=1
Target: x86_64-linux-gnu
Configured with: ../src/configure -v --with-pkgversion='Ubuntu 9.4.0-1ubuntu1~20.04.1' --with-bugurl=file:///usr/share/doc/gcc-9/README.Bugs --enable-languages=c,ada,c++,go,brig,d,fortran,objc,obj-c++,gm2 --prefix=/usr --with-gcc-major-version-only --program-suffix=-9 --program-prefix=x86_64-linux-gnu- --enable-shared --enable-linker-build-id --libexecdir=/usr/lib --without-included-gettext --enable-threads=posix --libdir=/usr/lib --enable-nls --enable-clocale=gnu --enable-libstdcxx-debug --enable-libstdcxx-time=yes --with-default-libstdcxx-abi=new --enable-gnu-unique-object --disable-vtable-verify --enable-plugin --enable-default-pie --with-system-zlib --with-target-system-zlib=auto --enable-objc-gc=auto --enable-multiarch --disable-werror --with-arch-32=i686 --with-abi=m64 --with-multilib-list=m32,m64,mx32 --enable-multilib --with-tune=generic --enable-offload-targets=nvptx-none=/build/gcc-9-Av3uEd/gcc-9-9.4.0/debian/tmp-nvptx/usr,hsa --without-cuda-driver --enable-checking=release --build=x86_64-linux-gnu --host=x86_64-linux-gnu --target=x86_64-linux-gnu
Thread model: posix
gcc version 9.4.0 (Ubuntu 9.4.0-1ubuntu1~20.04.1) 
COLLECT_GCC_OPTIONS='-v' '-o' 'CMakeFiles/cmTC_f48b9.dir/CMakeCCompilerABI.c.o' '-c' '-mtune=generic' '-march=x86-64'
 /usr/lib/gcc/x86_64-linux-gnu/9/cc1 -quiet -v -imultiarch x86_64-linux-gnu /usr/share/cmake-3.16/Modules/CMakeCCompilerABI.c -quiet -dumpbase CMakeCCompilerABI.c -mtune=generic -march=x86-64 -auxbase-strip CMakeFiles/cmTC_f48b9.dir/CMakeCCompilerABI.c.o -version -fasynchronous-unwind-tables -fstack-protector-strong -Wformat -Wformat-security -fstack-clash-protection -fcf-protection -o /tmp/ccSrrFxL.s
GNU C17 (Ubuntu 9.4.0-1ubuntu1~20.04.1) version 9.4.0 (x86_64-linux-gnu)
	compiled by GNU C version 9.4.0, GMP version 6.2.0, MPFR version 4.0.2, MPC version 1.1.0, isl version isl-0.22.1-GMP

GGC heuristics: --param ggc-min-expand=100 --param ggc-min-heapsize=131072
ignoring nonexistent directory "/usr/local/include/x86_64-linux-gnu"
ignoring nonexistent directory "/usr/lib/gcc/x86_64-linux-gnu/9/include-fixed"
ignoring nonexistent directory "/usr/lib/gcc/x86_64-linux-gnu/9/../../../../x86_64-linux-gnu/include"
#include "..." search starts here:
#include <...> search starts here:
 /usr/lib/gcc/x86_64-linux-gnu/9/include
 /usr/local/include
 /usr/include/x86_64-linux-gnu
 /usr/include
End of search list.
GNU C17 (Ubuntu 9.4.0-1ubuntu1~20.04.1) version 9.4.0 (x86_64-linux-gnu)
	compiled by GNU C version 9.4.0, GMP version 6.2.0, MPFR version 4.0.2, MPC version 1.1.0, isl version isl-0.22.1-GMP

GGC heuristics: --param ggc-min-expand=100 --param ggc-min-heapsize=131072
Compiler executable checksum: c0c95c0b4209efec1c1892d5ff24030b
COLLECT_GCC_OPTIONS='-v' '-o' 'CMakeFiles/cmTC_f48b9.dir/CMakeCCompilerABI.c.o' '-c' '-mtune=generic' '-march=x86-64'
 as -v --64 -o CMakeFiles/cmTC_f48b9.dir/CMakeCCompilerABI.c.o /tmp/ccSrrFxL.s
GNU assembler version 2.34 (x86_64-linux-gnu) using BFD version (GNU Binutils for Ubuntu) 2.34
COMPILER_PATH=/usr/lib/gcc/x86_64-linux-gnu/9/:/usr/lib/gcc/x86_64-linux-gnu/9/:/usr/lib/gcc/x86_64-linux-gnu/:/usr/lib/gcc/x86_64-linux-gnu/9/:/usr/lib/gcc/x86_64-linux-gnu/
LIBRARY_PATH=/usr/lib/gcc/x86_64-linux-gnu/9/:/usr/lib/gcc/x86_64-linux-gnu/9/../../../x86_64-linux-gnu/:/usr/lib/gcc/x86_64-linux-gnu/9/../../../../lib/:/lib/x86_64-linux-gnu/:/lib/../lib/:/usr/lib/x86_64-linux-gnu/:/usr/lib/../lib/:/usr/lib/gcc/x86_64-linux-gnu/9/../../../:/lib/:/usr/lib/
COLLECT_GCC_OPTIONS='-v' '-o' 'CMakeFiles/cmTC_f48b9.dir/CMakeCCompilerABI.c.o' '-c' '-mtune=generic' '-march=x86-64'
Linking C executable cmTC_f48b9
/usr/bin/cmake -E cmake_link_script CMakeFiles/cmTC_f48b9.dir/link.txt --verbose=1
/usr/bin/gcc     -v CMakeFiles/cmTC_f48b9.dir/CMakeCCompilerABI.c.o  -o cmTC_f48b9 
Using built-in specs.
COLLECT_GCC=/usr/bin/gcc
COLLECT_LTO_WRAPPER=/usr/lib/gcc/x86_64-linux-gnu/9/lto-wrapper
OFFLOAD_TARGET_NAMES=nvptx-none:hsa
OFFLOAD_TARGET_DEFAULT=1
Target: x86_64-linux-gnu
Configured with: ../src/configure -v --with-pkgversion='Ubuntu 9.4.0-1ubuntu1~20.04.1' --with-bugurl=file:///usr/share/doc/gcc-9/README.Bugs --enable-languages=c,ada,c++,go,brig,d,fortran,objc,obj-c++,gm2 --prefix=/usr --with-gcc-major-version-only --program-suffix=-9 --program-prefix=x86_64-linux-gnu- --enable-shared --enable-linker-build-id --libexecdir=/usr/lib --without-included-gettext --enable-threads=posix --libdir=/usr/lib --enable-nls --enable-clocale=gnu --enable-libstdcxx-debug --enable-libstdcxx-time=yes --with-default-libstdcxx-abi=new --enable-gnu-unique-object --disable-vtable-verify --enable-plugin --enable-default-pie --with-system-zlib --with-target-system-zlib=auto --enable-objc-gc=auto --enable-multiarch --disable-werror --with-arch-32=i686 --with-abi=m64 --with-multilib-list=m32,m64,mx32 --enable-multilib --with-tune=generic --enable-offload-targets=nvptx-none=/build/gcc-9-Av3uEd/gcc-9-9.4.0/debian/tmp-nvptx/usr,hsa --without-cuda-driver --enable-checking=release --build=x86_64-linux-gnu --host=x86_64-linux-gnu --target=x86_64-linux-gnu
Thread model: posix
gcc version 9.4.0 (Ubuntu 9.4.0-1ubuntu1~20.04.1) 
COMPILER_PATH=/usr/lib/gcc/x86_64-linux-gnu/9/:/usr/lib/gcc/x86_64-linux-gnu/9/:/usr/lib/gcc/x86_64-linux-gnu/:/usr/lib/gcc/x86_64-linux-gnu/9/:/usr/lib/gcc/x86_64-linux-gnu/
LIBRARY_PATH=/usr/lib/gcc/x86_64-linux-gnu/9/:/usr/lib/gcc/x86_64-linux-gnu/9/../../../x86_64-linux-gnu/:/usr/lib/gcc/x86_64-linux-gnu/9/../../../../lib/:/lib/x86_64-linux-gnu/:/lib/../lib/:/usr/lib/x86_64-linux-gnu/:/usr/lib/../lib/:/usr/lib/gcc/x86_64-linux-gnu/9/../../../:/lib/:/usr/lib/
COLLECT_GCC_OPTIONS='-v' '-o' 'cmTC_f48b9' '-mtune=generic' '-march=x86-64'
 /usr/lib/gcc/x86_64-linux-gnu/9/collect2 -plugin /usr/lib/gcc/x86_64-linux-gnu/9/liblto_plugin.so -plugin-opt=/usr/lib/gcc/x86_64-linux-gnu/9/lto-wrapper -plugin-opt=-fresolution=/tmp/ccg5x29m.res -plugin-opt=-pass-through=-lgcc -plugin-opt=-pass-through=-lgcc_s -plugin-opt=-pass-through=-lc -plugin-opt=-pass-through=-lgcc -plugin-opt=-pass-through=-lgcc_s --build-id --eh-frame-hdr -m elf_x86_64 --hash-style=gnu --as-needed -dynamic-linker /lib64/ld-linux-x86-64.so.2 -pie -z now -z relro -o cmTC_f48b9 /usr/lib/gcc/x86_64-linux-gnu/9/../../../x86_64-linux-gnu/Scrt1.o /usr/lib/gcc/x86_64-linux-gnu/9/../../../x86_64-linux-gnu/crti.o /usr/lib/gcc/x86_64-linux-gnu/9/crtbeginS.o -L/usr/lib/gcc/x86_64-linux-gnu/9 -L/usr/lib/gcc/x86_64-linux-gnu/9/../../../x86_64-linux-gnu -L/usr/lib/gcc/x86_64-linux-gnu/9/../../../../lib -L/lib/x86_64-linux-gnu -L/lib/../lib -L/usr/lib/x86_64-linux-gnu -L/usr/lib/../lib -L/usr/lib/gcc/x86_64-linux-gnu/9/../../.. CMakeFiles/cmTC_f48b9.dir/CMakeCCompilerABI.c.o -lgcc --push-state --as-needed -lgcc_s --pop-state -lc -lgcc --push-state --as-needed -lgcc_s --pop-state /usr/lib/gcc/x86_64-linux-gnu/9/crtendS.o /usr/lib/gcc/x86_64-linux-gnu/9/../../../x86_64-linux-gnu/crtn.o
COLLECT_GCC_OPTIONS='-v' '-o' 'cmTC_f48b9' '-mtune=generic' '-march=x86-64'
make[1]: Leaving directory '/root/MiniSQL_v3/build/CMakeFiles/CMakeTmp'



Parsed C implicit include dir info from above output: rv=done
  found start of include info
  found start of implicit include info
    add: [/usr/lib/gcc/x86_64-linux-gnu/9/include]
    add: [/usr/local/include]
    add: [/usr/include/x86_64-linux-gnu]
    add: [/usr/include]
  end of search list found
  collapse include dir [/usr/lib/gcc/x86_64-linux-gnu/9/include] ==> [/usr/lib/gcc/x86_64-linux-gnu/9/include]
  collapse include dir [/usr/local/include] ==> [/usr/local/include]
  collapse include dir [/usr/include/x86_64-linux-gnu] ==> [/usr/include/x86_64-linux-gnu]
  collapse include dir [/usr/include] ==> [/usr/include]
  implicit include dirs: [/usr/lib/gcc/x86_64-linux-gnu/9/include;/usr/local/include;/usr/include/x86_64-linux-gnu;/usr/include]


Parsed C implicit link information from above output:
  link line regex: [^( *|.*[/\])(ld|CMAKE_LINK_STARTFILE-NOTFOUND|([^/\]+-)?ld|collect2)[^/\]*( |$)]
  ignore line: [Change Dir: /root/MiniSQL_v3/build/CMakeFiles/CMakeTmp]
  ignore line: []
  ignore line: [Run Build Command(s):/usr/bin/make cmTC_f48b9/fast && /usr/bin/make -f CMakeFiles/cmTC_f48b9.dir/build.make CMakeFiles/cmTC_f48b9.dir/build]
  ignore line: [make[1]: Entering directory '/root/MiniSQL_v3/build/CMakeFiles/CMakeTmp']
  ignore line: [Building C object CMakeFiles/cmTC_f48b9.dir/CMakeCCompilerABI.c.o]
  ignore line: [/usr/bin/gcc   -v -o CMakeFiles/cmTC_f48b9.dir/CMakeCCompilerABI.c.o   -c /usr/share/cmake-3.16/Modules/CMakeCCompilerABI.c]
  ignore line: [Using built-in specs.]
  ignore line: [COLLECT_GCC=/usr/bin/gcc]
  ignore line: [OFFLOAD_TARGET_NAMES=nvptx-none:hsa]
  ignore line: [OFFLOAD_TARGET_DEFAULT=1]
  ignore line: [Target: x86_64-linux-gnu]
  ignore line: [Configured with: ../src/configure -v --with-pkgversion='Ubuntu 9.4.0-1ubuntu1~20.04.1' --with-bugurl=file:///usr/share/doc/gcc-9/README.Bugs --enable-languages=c ada c++ go brig d fortran objc obj-c++ gm2 --prefix=/usr --with-gcc-major-version-only --program-suffix=-9 --program-prefix=x86_64-linux-gnu- --enable-shared --enable-linker-build-id --libexecdir=/usr/lib --without-included-gettext --enable-threads=posix --libdir=/usr/lib --enable-nls --enable-clocale=gnu --enable-libstdcxx-debug --enable-libstdcxx-time=yes --with-default-libstdcxx-abi=new --enable-gnu-unique-object --disable-vtable-verify --enable-plugin --enable-default-pie --with-system-zlib --with-target-system-zlib=auto --enable-objc-gc=auto --enable-multiarch --disable-werror --with-arch-32=i686 --with-abi=m64 --with-multilib-list=m32 m64 mx32 --enable-multilib --with-tune=generic --enable-offload-targets=nvptx-none=/build/gcc-9-Av3uEd/gcc-9-9.4.0/debian/tmp-nvptx/usr hsa --without-cuda-driver --enable-checking=release --build=x86_64-linux-gnu --host=x86_64-linux-gnu --target=x86_64-linux-gnu]
  ignore line: [Thread model: posix]
  ignore line: [gcc version 9.4.0 (Ubuntu 9.4.0-1ubuntu1~20.04.1) ]
  ignore line: [COLLECT_GCC_OPTIONS='-v' '-o' 'CMakeFiles/cmTC_f48b9.dir/CMakeCCompilerABI.c.o' '-c' '-mtune=generic' '-march=x86-64']
  ignore line: [ /usr/lib/gcc/x86_64-linux-gnu/9/cc1 -quiet -v -imultiarch x86_64-linux-gnu /usr/share/cmake-3.16/Modules/CMakeCCompilerABI.c -quiet -dumpbase CMakeCCompilerABI.c -mtune=generic -march=x86-64 -auxbase-strip CMakeFiles/cmTC_f48b9.dir/CMakeCCompilerABI.c.o -version -fasynchronous-unwind-tables -fstack-protector-strong -Wformat -Wformat-security -fstack-clash-protection -fcf-protection -o /tmp/ccSrrFxL.s]
  ignore line: [GNU C17 (Ubuntu 9.4.0-1ubuntu1~20.04.1) version 9.4.0 (x86_64-linux-gnu)]
  ignore line: [	compiled by GNU C version 9.4.0  GMP version 6.2.0  MPFR version 4.0.2  MPC version 1.1.0  isl version isl-0.22.1-GMP]
  ignore line: []
  ignore line: [GGC heuristics: --param ggc-min-expand=100 --param ggc-min-heapsize=131072]
  ignore line: [ignoring nonexistent directory "/usr/local/include/x86_64-linux-gnu"]
  ignore line: [ignoring nonexistent directory "/usr/lib/gcc/x86_64-linux-gnu/9/include-fixed"]
  ignore line: [ignoring nonexistent directory "/usr/lib/gcc/x86_64-linux-gnu/9/../../../../x86_64-linux-gnu/include"]
  ignore line: [#include "..." search starts here:]
  ignore line: [#include <...> search starts here:]
  ignore line: [ /usr/lib/gcc/x86_64-linux-gnu/9/include]
  ignore line: [ /usr/local/include]
  ignore line: [ /usr/include/x86_64-linux-gnu]
  ignore line: [ /usr/include]
  ignore line: [End of search list.]
  ignore line: [GNU C17 (Ubuntu 9.4.0-1ubuntu1~20.04.1) version 9.4.0 (x86_64-linux-gnu)]
  ignore line: [	compiled by GNU C version 9.4.0  GMP version 6.2.0  MPFR version 4.0.2  MPC version 1.1.0  isl version isl-0.22.1-GMP]
  ignore line: []
  ignore line: [GGC heuristics: --param ggc-min-expand=100 --param ggc-min-heapsize=131072]
  ignore line: [Compiler executable checksum: c0c95c0b4209efec1c1892d5ff24030b]
  ignore line: [COLLECT_GCC_OPTIONS='-v' '-o' 'CMakeFiles/cmTC_f48b9.dir/CMakeCCompilerABI.c.o' '-c' '-mtune=generic' '-march=x86-64']
  ignore line: [ as -v --64 -o CMakeFiles/cmTC_f48b9.dir/CMakeCCompilerABI.c.o /tmp/ccSrrFxL.s]
  ignore line: [GNU assembler version 2.34 (x86_64-linux-gnu) using BFD version (GNU Binutils for Ubuntu) 2.34]
  ignore line: [COMPILER_PATH=/usr/lib/gcc/x86_64-linux-gnu/9/:/usr/lib/gcc/x86_64-linux-gnu/9/:/usr/lib/gcc/x86_64-linux-gnu/:/usr/lib/gcc/x86_64-linux-gnu/9/:/usr/lib/gcc/x86_64-linux-gnu/]
  ignore line: [LIBRARY_PATH=/usr/lib/gcc/x86_64-linux-gnu/9/:/usr/lib/gcc/x86_64-linux-gnu/9/../../../x86_64-linux-gnu/:/usr/lib/gcc/x86_64-linux-gnu/9/../../../../lib/:/lib/x86_64-linux-gnu/:/lib/../lib/:/usr/lib/x86_64-linux-gnu/:/usr/lib/../lib/:/usr/lib/gcc/x86_64-linux-gnu/9/../../../:/lib/:/usr/lib/]
  ignore line: [COLLECT_GCC_OPTIONS='-v' '-o' 'CMakeFiles/cmTC_f48b9.dir/CMakeCCompilerABI.c.o' '-c' '-mtune=generic' '-march=x86-64']
  ignore line: [Linking C executable cmTC_f48b9]
  ignore line: [/usr/bin/cmake -E cmake_link_script CMakeFiles/cmTC_f48b9.dir/link.txt --verbose=1]
  ignore line: [/usr/bin/gcc     -v CMakeFiles/cmTC_f48b9.dir/CMakeCCompilerABI.c.o  -o cmTC_f48b9 ]
  ignore line: [Using built-in specs.]
  ignore line: [COLLECT_GCC=/usr/bin/gcc]
  ignore line: [COLLECT_LTO_WRAPPER=/usr/lib/gcc/x86_64-linux-gnu/9/lto-wrapper]
  ignore line: [OFFLOAD_TARGET_NAMES=nvptx-none:hsa]
  ignore line: [OFFLOAD_TARGET_DEFAULT=1]
  ignore line: [Target: x86_64-linux-gnu]
  ignore line: [Configured with: ../src/configure -v --with-pkgversion='Ubuntu 9.4.0-1ubuntu1~20.04.1' --with-bugurl=file:///usr/share/doc/gcc-9/README.Bugs --enable-languages=c ada c++ go brig d fortran objc obj-c++ gm2 --prefix=/usr --with-gcc-major-version-only --program-suffix=-9 --program-prefix=x86_64-linux-gnu- --enable-shared --enable-linker-build-id --libexecdir=/usr/lib --without-included-gettext --enable-threads=posix --libdir=/usr/lib --enable-nls --enable-clocale=gnu --enable-libstdcxx-debug --enable-libstdcxx-time=yes --with-default-libstdcxx-abi=new --enable-gnu-unique-object --disable-vtable-verify --enable-plugin --enable-default-pie --with-system-zlib --with-target-system-zlib=auto --enable-objc-gc=auto --enable-multiarch --disable-werror --with-arch-32=i686 --with-abi=m64 --with-multilib-list=m32 m64 mx32 --enable-multilib --with-tune=generic --enable-offload-targets=nvptx-none=/build/gcc-9-Av3uEd/gcc-9-9.4.0/debian/tmp-nvptx/usr hsa --without-cuda-driver --enable-checking=release --build=x86_64-linux-gnu --host=x86_64-linux-gnu --target=x86_64-linux-gnu]
  ignore line: [Thread model: posix]
  ignore line: [gcc version 9.4.0 (Ubuntu 9.4.0-1ubuntu1~20.04.1) ]
  ignore line: [COMPILER_PATH=/usr/lib/gcc/x86_64-linux-gnu/9/:/usr/lib/gcc/x86_64-linux-gnu/9/:/usr/lib/gcc/x86_64-linux-gnu/:/usr/lib/gcc/x86_64-linux-gnu/9/:/usr/lib/gcc/x86_64-linux-gnu/]
  ignore line: [LIBRARY_PATH=/usr/lib/gcc/x86_64-linux-gnu/9/:/usr/lib/gcc/x86_64-linux-gnu/9/../../../x86_64-linux-gnu/:/usr/lib/gcc/x86_64-linux-gnu/9/../../../../lib/:/lib/x86_64-linux-gnu/:/lib/../lib/:/usr/lib/x86_64-linux-gnu/:/usr/lib/../lib/:/usr/lib/gcc/x86_64-linux-gnu/9/../../../:/lib/:/usr/lib/]
  ignore line: [COLLECT_GCC_OPTIONS='-v' '-o' 'cmTC_f48b9' '-mtune=generic' '-march=x86-64']
  link line: [ /usr/lib/gcc/x86_64-linux-gnu/9/collect2 -plugin /usr/lib/gcc/x86_64-linux-gnu/9/liblto_plugin.so -plugin-opt=/usr/lib/gcc/x86_64-linux-gnu/9/lto-wrapper -plugin-opt=-fresolution=/tmp/ccg5x29m.res -plugin-opt=-pass-through=-lgcc -plugin-opt=-pass-through=-lgcc_s -plugin-opt=-pass-through=-lc -plugin-opt=-pass-through=-lgcc -plugin-opt=-pass-through=-lgcc_s --build-id --eh-frame-hdr -m elf_x86_64 --hash-style=gnu --as-needed -dynamic-linker /lib64/ld-linux-x86-64.so.2 -pie -z now -z relro -o cmTC_f48b9 /usr/lib/gcc/x86_64-linux-gnu/9/../../../x86_64-linux-gnu/Scrt1.o /usr/lib/gcc/x86_64-linux-gnu/9/../../../x86_64-linux-gnu/crti.o /usr/lib/gcc/x86_64-linux-gnu/9/crtbeginS.o -L/usr/lib/gcc/x86_64-linux-gnu/9 -L/usr/lib/gcc/x86_64-linux-gnu/9/../../../x86_64-linux-gnu -L/usr/lib/gcc/x86_64-linux-gnu/9/../../../../lib -L/lib/x86_64-linux-gnu -L/lib/../lib -L/usr/lib/x86_64-linux-gnu -L/usr/lib/../lib -L/usr/lib/gcc/x86_64-linux-gnu/9/../../.. CMakeFiles/cmTC_f48b9.dir/CMakeCCompilerABI.c.o -lgcc --push-state --as-needed -lgcc_s --pop-state -lc -lgcc --push-state --as-needed -lgcc_s --pop-state /usr/lib/gcc/x86_64-linux-gnu/9/crtendS.o /usr/lib/gcc/x86_64-linux-gnu/9/../../../x86_64-linux-gnu/crtn.o]
    arg [/usr/lib/gcc/x86_64-linux-gnu/9/collect2] ==> ignore
    arg [-plugin] ==> ignore
    arg [/usr/lib/gcc/x86_64-linux-gnu/9/liblto_plugin.so] ==> ignore
    arg [-plugin-opt=/usr/lib/gcc/x86_64-linux-gnu/9/lto-wrapper] ==> ignore
    arg [-plugin-opt=-fresolution=/tmp/ccg5x29m.res] ==> ignore
    arg [-plugin-opt=-pass-through=-lgcc] ==> ignore
    arg [-plugin-opt=-pass-through=-lgcc_s] ==> ignore
    arg [-plugin-opt=-pass-through=-lc] ==> ignore
    arg [-plugin-opt=-pass-through=-lgcc] ==> ignore
    arg [-plugin-opt=-pass-through=-lgcc_s] ==> ignore
    arg [--build-id] ==> ignore
    arg [--eh-frame-hdr] ==> ignore
    arg [-m] ==> ignore
    arg [elf_x86_64] ==> ignore
    arg [--hash-style=gnu] ==> ignore
    arg [--as-needed] ==> ignore
    arg [-dynamic-linker] ==> ignore
    arg [/lib64/ld-linux-x86-64.so.2] ==> ignore
    arg [-pie] ==> ignore
    arg [-znow] ==> ignore
    arg [-zrelro] ==> ignore
    arg [-o] ==> ignore
    arg [cmTC_f48b9] ==> ignore
    arg [/usr/lib/gcc/x86_64-linux-gnu/9/../../../x86_64-linux-gnu/Scrt1.o] ==> ignore
    arg [/usr/lib/gcc/x86_64-linux-gnu/9/../../../x86_64-linux-gnu/crti.o] ==> ignore
    arg [/usr/lib/gcc/x86_64-linux-gnu/9/crtbeginS.o] ==> ignore
    arg [-L/usr/lib/gcc/x86_64-linux-gnu/9] ==> dir [/usr/lib/gcc/x86_64-linux-gnu/9]
    arg [-L/usr/lib/gcc/x86_64-linux-gnu/9/../../../x86_64-linux-gnu] ==> dir [/usr/lib/gcc/x86_64-linux-gnu/9/../../../x86_64-linux-gnu]
    arg [-L/usr/lib/gcc/x86_64-linux-gnu/9/../../../../lib] ==> dir [/usr/lib/gcc/x86_64-linux-gnu/9/../../../../lib]
    arg [-L/lib/x86_64-linux-gnu] ==> dir [/lib/x86_64-linux-gnu]
    arg [-L/lib/../lib] ==> dir [/lib/../lib]
    arg [-L/usr/lib/x86_64-linux-gnu] ==> dir [/usr/lib/x86_64-linux-gnu]
    arg [-L/usr/lib/../lib] ==> dir [/usr/lib/../lib]
    arg [-L/usr/lib/gcc/x86_64-linux-gnu/9/../../..] ==> dir [/usr/lib/gcc/x86_64-linux-gnu/9/../../..]
    arg [CMakeFiles/cmTC_f48b9.dir/CMakeCCompilerABI.c.o] ==> ignore
    arg [-lgcc] ==> lib [gcc]
    arg [--push-state] ==> ignore
    arg [--as-needed] ==> ignore
    arg [-lgcc_s] ==> lib [gcc_s]
    arg [--pop-state] ==> ignore
    arg [-lc] ==> lib [c]
    arg [-lgcc] ==> lib [gcc]
    arg [--push-state] ==> ignore
    arg [--as-needed] ==> ignore
    arg [-lgcc_s] ==> lib [gcc_s]
    arg [--pop-state] ==> ignore
    arg [/usr/lib/gcc/x86_64-linux-gnu/9/crtendS.o] ==> ignore
    arg [/usr/lib/gcc/x86_64-linux-gnu/9/../../../x86_64-linux-gnu/crtn.o] ==> ignore
  collapse library dir [/usr/lib/gcc/x86_64-linux-gnu/9] ==> [/usr/lib/gcc/x86_64-linux-gnu/9]
  collapse library dir [/usr/lib/gcc/x86_64-linux-gnu/9/../../../x86_64-linux-gnu] ==> [/usr/lib/x86_64-linux-gnu]
  collapse library dir [/usr/lib/gcc/x86_64-linux-gnu/9/../../../../lib] ==> [/usr/lib]
  collapse library dir [/lib/x86_64-linux-gnu] ==> [/lib/x86_64-linux-gnu]
  collapse library dir [/lib/../lib] ==> [/lib]
  collapse library dir [/usr/lib/x86_64-linux-gnu] ==> [/usr/lib/x86_64-linux-gnu]
  collapse library dir [/usr/lib/../lib] ==> [/usr/lib]
  collapse library dir [/usr/lib/gcc/x86_64-linux-gnu/9/../../..] ==> [/usr/lib]
  implicit libs: [gcc;gcc_s;c;gcc;gcc_s]
  implicit dirs: [/usr/lib/gcc/x86_64-linux-gnu/9;/usr/lib/x86_64-linux-gnu;/usr/lib;/lib/x86_64-linux-gnu;/lib]
  implicit fwks: []


Determining if the CXX compiler works passed with the following output:
Change Dir: /root/MiniSQL_v3/build/CMakeFiles/CMakeTmp

Run Build Command(s):/usr/bin/make cmTC_0baf9/fast && /usr/bin/make -f CMakeFiles/cmTC_0baf9.dir/build.make CMakeFiles/cmTC_0baf9.dir/build
make[1]: Entering directory '/root/MiniSQL_v3/build/CMakeFiles/CMakeTmp'
Building CXX object CMakeFiles/cmTC_0baf9.dir/testCXXCompiler.cxx.o
/usr/bin/g++    -std=gnu++17 -o CMakeFiles/cmTC_0baf9.dir/testCXXCompiler.cxx.o -c /root/MiniSQL_v3/build/CMakeFiles/CMakeTmp/testCXXCompiler.cxx
Linking CXX executable cmTC_0baf9
/usr/bin/cmake -E cmake_link_script CMakeFiles/cmTC_0baf9.dir/link.txt --verbose=1
/usr/bin/g++       CMakeFiles/cmTC_0baf9.dir/testCXXCompiler.cxx.o  -o cmTC_0baf9 
make[1]: Leaving directory '/root/MiniSQL_v3/build/CMakeFiles/CMakeTmp'



Detecting CXX compiler ABI info compiled with the following output:
Change Dir: /root/MiniSQL_v3/build/CMakeFiles/CMakeTmp

Run Build Command(s):/usr/bin/make cmTC_c7cf5/fast && /usr/bin/make -f CMakeFiles/cmTC_c7cf5.dir/build.make CMakeFiles/cmTC_c7cf5.dir/build
make[1]: Entering directory '/root/MiniSQL_v3/build/CMakeFiles/CMakeTmp'
Building CXX object CMakeFiles/cmTC_c7cf5.dir/CMakeCXXCompilerABI.cpp.o
/usr/bin/g++    -v -std=gnu++17 -o CMakeFiles/cmTC_c7cf5.dir/CMakeCXXCompilerABI.cpp.o -c /usr/share/cmake-3.16/Modules/CMakeCXXCompilerABI.cpp
Using built-in specs.
COLLECT_GCC=/usr/bin/g++
OFFLOAD_TARGET_NAMES=nvptx-none:hsa
OFFLOAD_TARGET_DEFAULT=1
Target: x86_64-linux-gnu
Configured with: ../src/configure -v --with-pkgversion='Ubuntu 9.4.0-1ubuntu1~20.04.1' --with-bugurl=file:///usr/share/doc/gcc-9/README.Bugs --enable-languages=c,ada,c++,go,brig,d,fortran,objc,obj-c++,gm2 --prefix=/usr --with-gcc-major-version-only --program-suffix=-9 --program-prefix=x86_64-linux-gnu- --enable-shared --enable-linker-build-id --libexecdir=/usr/lib --without-included-gettext --enable-threads=posix --libdir=/usr/lib --enable-nls --enable-clocale=gnu --enable-libstdcxx-debug --enable-libstdcxx-time=yes --with-default-libstdcxx-abi=new --enable-gnu-unique-object --disable-vtable-verify --enable-plugin --enable-default-pie --with-system-zlib --with-target-system-zlib=auto --enable-objc-gc=auto --enable-multiarch --disable-werror --with-arch-32=i686 --with-abi=m64 --with-multilib-list=m32,m64,mx32 --enable-multilib --with-tune=generic --enable-offload-targets=nvptx-none=/build/gcc-9-Av3uEd/gcc-9-9.4.0/debian/tmp-nvptx/usr,hsa --without-cuda-driver --enable-checking=release --build=x86_64-linux-gnu --host=x86_64-linux-gnu --target=x86_64-linux-gnu
Thread model: posix
gcc version 9.4.0 (Ubuntu 9.4.0-1ubuntu1~20.04.1) 
COLLECT_GCC_OPTIONS='-v' '-std=gnu++17' '-o' 'CMakeFiles/cmTC_c7cf5.dir/CMakeCXXCompilerABI.cpp.o' '-c' '-shared-libgcc' '-mtune=generic' '-march=x86-64'
 /usr/lib/gcc/x86_64-linux-gnu/9/cc1plus -quiet -v -imultiarch x86_64-linux-gnu -D_GNU_SOURCE /usr/share/cmake-3.16/Modules/CMakeCXXCompilerABI.cpp -quiet -dumpbase CMakeCXXCompilerABI.cpp -mtune=generic -march=x86-64 -auxbase-strip CMakeFiles/cmTC_c7cf5.dir/CMakeCXXCompilerABI.cpp.o -std=gnu++17 -version -fasynchronous-unwind-tables -fstack-protector-strong -Wformat -Wformat-security -fstack-clash-protection -fcf-protection -o /tmp/ccoRBYeP.s
GNU C++17 (Ubuntu 9.4.0-1ubuntu1~20.04.1) version 9.4.0 (x86_64-linux-gnu)
	compiled by GNU C version 9.4.0, GMP version 6.2.0, MPFR version 4.0.2, MPC version 1.1.0, isl version isl-0.22.1-GMP

GGC heuristics: --param ggc-min-expand=100 --param ggc-min-heapsize=131072
ignoring duplicate directory "/usr/include/x86_64-linux-gnu/c++/9"
ignoring nonexistent directory "/usr/local/include/x86_64-linux-gnu"
ignoring nonexistent directory "/usr/lib/gcc/x86_64-linux-gnu/9/include-fixed"
ignoring nonexistent directory "/usr/lib/gcc/x86_64-linux-gnu/9/../../../../x86_64-linux-gnu/include"
#include "..." search starts here:
#include <...> search starts here:
 /usr/include/c++/9
 /usr/include/x86_64-linux-gnu/c++/9
 /usr/include/c++/9/backward
 /usr/lib/gcc/x86_64-linux-gnu/9/include
 /usr/local/include
 /usr/include/x86_64-linux-gnu
 /usr/include
End of search list.
GNU C++17 (Ubuntu 9.4.0-1ubuntu1~20.04.1) version 9.4.0 (x86_64-linux-gnu)
	compiled by GNU C version 9.4.0, GMP version 6.2.0, MPFR version 4.0.2, MPC version 1.1.0, isl version isl-0.22.1-GMP

GGC heuristics: --param ggc-min-expand=100 --param ggc-min-heapsize=131072
Compiler executable checksum: 65fe925b83d3956b533de4aaba7dace0
COLLECT_GCC_OPTIONS='-v' '-std=gnu++17' '-o' 'CMakeFiles/cmTC_c7cf5.dir/CMakeCXXCompilerABI.cpp.o' '-c' '-shared-libgcc' '-mtune=generic' '-march=x86-64'
 as -v --64 -o CMakeFiles/cmTC_c7cf5.dir/CMakeCXXCompilerABI.cpp.o /tmp/ccoRBYeP.s
GNU assembler version 2.34 (x86_64-linux-gnu) using BFD version (GNU Binutils for Ubuntu) 2.34
COMPILER_PATH=/usr/lib/gcc/x86_64-linux-gnu/9/:/usr/lib/gcc/x86_64-linux-gnu/9/:/usr/lib/gcc/x86_64-linux-gnu/:/usr/lib/gcc/x86_64-linux-gnu/9/:/usr/lib/gcc/x86_64-linux-gnu/
LIBRARY_PATH=/usr/lib/gcc/x86_64-linux-gnu/9/:/usr/lib/gcc/x86_64-linux-gnu/9/../../../x86_64-linux-gnu/:/usr/lib/gcc/x86_64-linux-gnu/9/../../../../lib/:/lib/x86_64-linux-gnu/:/lib/../lib/:/usr/lib/x86_64-linux-gnu/:/usr/lib/../lib/:/usr/lib/gcc/x86_64-linux-gnu/9/../../../:/lib/:/usr/lib/
COLLECT_GCC_OPTIONS='-v' '-std=gnu++17' '-o' 'CMakeFiles/cmTC_c7cf5.dir/CMakeCXXCompilerABI.cpp.o' '-c' '-shared-libgcc' '-mtune=generic' '-march=x86-64'
Linking CXX executable cmTC_c7cf5
/usr/bin/cmake -E cmake_link_script CMakeFiles/cmTC_c7cf5.dir/link.txt --verbose=1
/usr/bin/g++      -v CMakeFiles/cmTC_c7cf5.dir/CMakeCXXCompilerABI.cpp.o  -o cmTC_c7cf5 
Using built-in specs.
COLLECT_GCC=/usr/bin/g++
COLLECT_LTO_WRAPPER=/usr/lib/gcc/x86_64-linux-gnu/9/lto-wrapper
OFFLOAD_TARGET_NAMES=nvptx-none:hsa
OFFLOAD_TARGET_DEFAULT=1
Target: x86_64-linux-gnu
Configured with: ../src/configure -v --with-pkgversion='Ubuntu 9.4.0-1ubuntu1~20.04.1' --with-bugurl=file:///usr/share/doc/gcc-9/README.Bugs --enable-languages=c,ada,c++,go,brig,d,fortran,objc,obj-c++,gm2 --prefix=/usr --with-gcc-major-version-only --program-suffix=-9 --program-prefix=x86_64-linux-gnu- --enable-shared --enable-linker-build-id --libexecdir=/usr/lib --without-included-gettext --enable-threads=posix --libdir=/usr/lib --enable-nls --enable-clocale=gnu --enable-libstdcxx-debug --enable-libstdcxx-time=yes --with-default-libstdcxx-abi=new --enable-gnu-unique-object --disable-vtable-verify --enable-plugin --enable-default-pie --with-system-zlib --with-target-system-zlib=auto --enable-objc-gc=auto --enable-multiarch --disable-werror --with-arch-32=i686 --with-abi=m64 --with-multilib-list=m32,m64,mx32 --enable-multilib --with-tune=generic --enable-offload-targets=nvptx-none=/build/gcc-9-Av3uEd/gcc-9-9.4.0/debian/tmp-nvptx/usr,hsa --without-cuda-driver --enable-checking=release --build=x86_64-linux-gnu --host=x86_64-linux-gnu --target=x86_64-linux-gnu
Thread model: posix
gcc version 9.4.0 (Ubuntu 9.4.0-1ubuntu1~20.04.1) 
COMPILER_PATH=/usr/lib/gcc/x86_64-linux-gnu/9/:/usr/lib/gcc/x86_64-linux-gnu/9/:/usr/lib/gcc/x86_64-linux-gnu/:/usr/lib/gcc/x86_64-linux-gnu/9/:/usr/lib/gcc/x86_64-linux-gnu/
LIBRARY_PATH=/usr/lib/gcc/x86_64-linux-gnu/9/:/usr/lib/gcc/x86_64-linux-gnu/9/../../../x86_64-linux-gnu/:/usr/lib/gcc/x86_64-linux-gnu/9/../../../../lib/:/lib/x86_64-linux-gnu/:/lib/../lib/:/usr/lib/x86_64-linux-gnu/:/usr/lib/../lib/:/usr/lib/gcc/x86_64-linux-gnu/9/../../../:/lib/:/usr/lib/
COLLECT_GCC_OPTIONS='-v' '-o' 'cmTC_c7cf5' '-shared-libgcc' '-mtune=generic' '-march=x86-64'
 /usr/lib/gcc/x86_64-linux-gnu/9/collect2 -plugin /usr/lib/gcc/x86_64-linux-gnu/9/liblto_plugin.so -plugin-opt=/usr/lib/gcc/x86_64-linux-gnu/9/lto-wrapper -plugin-opt=-fresolution=/tmp/ccUXm0Lh.res -plugin-opt=-pass-through=-lgcc_s -plugin-opt=-pass-through=-lgcc -plugin-opt=-pass-through=-lc -plugin-opt=-pass-through=-lgcc_s -plugin-opt=-pass-through=-lgcc --build-id --eh-frame-hdr -m elf_x86_64 --hash-style=gnu --as-needed -dynamic-linker /lib64/ld-linux-x86-64.so.2 -pie -z now -z relro -o cmTC_c7cf5 /usr/lib/gcc/x86_64-linux-gnu/9/../../../x86_64-linux-gnu/Scrt1.o /usr/lib/gcc/x86_64-linux-gnu/9/../../../x86_64-linux-gnu/crti.o /usr/lib/gcc/x86_64-linux-gnu/9/crtbeginS.o -L/usr/lib/gcc/x86_64-linux-gnu/9 -L/usr/lib/gcc/x86_64-linux-gnu/9/../../../x86_64-linux-gnu -L/usr/lib/gcc/x86_64-linux-gnu/9/../../../../lib -L/lib/x86_64-linux-gnu -L/lib/../lib -L/usr/lib/x86_64-linux-gnu -L/usr/lib/../lib -L/usr/lib/gcc/x86_64-linux-gnu/9/../../.. CMakeFiles/cmTC_c7cf5.dir/CMakeCXXCompilerABI.cpp.o -lstdc++ -lm -lgcc_s -lgcc -lc -lgcc_s -lgcc /usr/lib/gcc/x86_64-linux-gnu/9/crtendS.o /usr/lib/gcc/x86_64-linux-gnu/9/../../../x86_64-linux-gnu/crtn.o
COLLECT_GCC_OPTIONS='-v' '-o' 'cmTC_c7cf5' '-shared-libgcc' '-mtune=generic' '-march=x86-64'
make[1]: Leaving directory '/root/MiniSQL_v3/build/CMakeFiles/CMakeTmp'



Parsed CXX implicit include dir info from above output: rv=done
  found start of include info
  found start of implicit include info
    add: [/usr/include/c++/9]
    add: [/usr/include/x86_64-linux-gnu/c++/9]
    add: [/usr/include/c++/9/backward]
    add: [/usr/lib/gcc/x86_64-linux-gnu/9/include]
    add: [/usr/local/include]
    add: [/usr/include/x86_64-linux-gnu]
    add: [/usr/include]
  end of search list found
  collapse include dir [/usr/include/c++/9] ==> [/usr/include/c++/9]
  collapse include dir [/usr/include/x86_64-linux-gnu/c++/9] ==> [/usr/include/x86_64-linux-gnu/c++/9]
  collapse include dir [/usr/include/c++/9/backward] ==> [/usr/include/c++/9/backward]
  collapse include dir [/usr/lib/gcc/x86_64-linux-gnu/9/include] ==> [/usr/lib/gcc/x86_64-linux-gnu/9/include]
  collapse include dir [/usr/local/include] ==> [/usr/local/include]
  collapse include dir [/usr/include/x86_64-linux-gnu] ==> [/usr/include/x86_64-linux-gnu]
  collapse include dir [/usr/include] ==> [/usr/include]
  implicit include dirs: [/usr/include/c++/9;/usr/include/x86_64-linux-gnu/c++/9;/usr/include/c++/9/backward;/usr/lib/gcc/x86_64-linux-gnu/9/include;/usr/local/include;/usr/include/x86_64-linux-gnu;/usr/include]


Parsed CXX implicit link information from above output:
  link line regex: [^( *|.*[/\])(ld|CMAKE_LINK_STARTFILE-NOTFOUND|([^/\]+-)?ld|collect2)[^/\]*( |$)]
  ignore line: [Change Dir: /root/MiniSQL_v3/build/CMakeFiles/CMakeTmp]
  ignore line: []
  ignore line: [Run Build Command(s):/usr/bin/make cmTC_c7cf5/fast && /usr/bin/make -f CMakeFiles/cmTC_c7cf5.dir/build.make CMakeFiles/cmTC_c7cf5.dir/build]
  ignore line: [make[1]: Entering directory '/root/MiniSQL_v3/build/CMakeFiles/CMakeTmp']
  ignore line: [Building CXX object CMakeFiles/cmTC_c7cf5.dir/CMakeCXXCompilerABI.cpp.o]
  ignore line: [/usr/bin/g++    -v -std=gnu++17 -o CMakeFiles/cmTC_c7cf5.dir/CMakeCXXCompilerABI.cpp.o -c /usr/share/cmake-3.16/Modules/CMakeCXXCompilerABI.cpp]
  ignore line: [Using built-in specs.]
  ignore line: [COLLECT_GCC=/usr/bin/g++]
  ignore line: [OFFLOAD_TARGET_NAMES=nvptx-none:hsa]
  ignore line: [OFFLOAD_TARGET_DEFAULT=1]
  ignore line: [Target: x86_64-linux-gnu]
  ignore line: [Configured with: ../src/configure -v --with-pkgversion='Ubuntu 9.4.0-1ubuntu1~20.04.1' --with-bugurl=file:///usr/share/doc/gcc-9/README.Bugs --enable-languages=c ada c++ go brig d fortran objc obj-c++ gm2 --prefix=/usr --with-gcc-major-version-only --program-suffix=-9 --program-prefix=x86_64-linux-gnu- --enable-shared --enable-linker-build-id --libexecdir=/usr/lib --without-included-gettext --enable-threads=posix --libdir=/usr/lib --enable-nls --enable-clocale=gnu --enable-libstdcxx-debug --enable-libstdcxx-time=yes --with-default-libstdcxx-abi=new --enable-gnu-unique-object --disable-vtable-verify --enable-plugin --enable-default-pie --with-system-zlib --with-target-system-zlib=auto --enable-objc-gc=auto --enable-multiarch --disable-werror --with-arch-32=i686 --with-abi=m64 --with-multilib-list=m32 m64 mx32 --enable-multilib --with-tune=generic --enable-offload-targets=nvptx-none=/build/gcc-9-Av3uEd/gcc-9-9.4.0/debian/tmp-nvptx/usr hsa --without-cuda-driver --enable-checking=release --build=x86_64-linux-gnu --host=x86_64-linux-gnu --target=x86_64-linux-gnu]
  ignore line: [Thread model: posix]
  ignore line: [gcc version 9.4.0 (Ubuntu 9.4.0-1ubuntu1~20.04.1) ]
  ignore line: [COLLECT_GCC_OPTIONS='-v' '-std=gnu++17' '-o' 'CMakeFiles/cmTC_c7cf5.dir/CMakeCXXCompilerABI.cpp.o' '-c' '-shared-libgcc' '-mtune=generic' '-march=x86-64']
  ignore line: [ /usr/lib/gcc/x86_64-linux-gnu/9/cc1plus -quiet -v -imultiarch x86_64-linux-gnu -D_GNU_SOURCE /usr/share/cmake-3.16/Modules/CMakeCXXCompilerABI.cpp -quiet -dumpbase CMakeCXXCompilerABI.cpp -mtune=generic -march=x86-64 -auxbase-strip CMakeFiles/cmTC_c7cf5.dir/CMakeCXXCompilerABI.cpp.o -std=gnu++17 -version -fasynchronous-unwind-tables -fstack-protector-strong -Wformat -Wformat-security -fstack-clash-protection -fcf-protection -o /tmp/ccoRBYeP.s]
  ignore line: [GNU C++17 (Ubuntu 9.4.0-1ubuntu1~20.04.1) version 9.4.0 (x86_64-linux-gnu)]
  ignore line: [	compiled by GNU C version 9.4.0  GMP version 6.2.0  MPFR version 4.0.2  MPC version 1.1.0  isl version isl-0.22.1-GMP]
  ignore line: []
  ignore line: [GGC heuristics: --param ggc-min-expand=100 --param ggc-min-heapsize=131072]
  ignore line: [ignoring duplicate directory "/usr/include/x86_64-linux-gnu/c++/9"]
  ignore line: [ignoring nonexistent directory "/usr/local/include/x86_64-linux-gnu"]
  ignore line: [ignoring nonexistent directory "/usr/lib/gcc/x86_64-linux-gnu/9/include-fixed"]
  ignore line: [ignoring nonexistent directory "/usr/lib/gcc/x86_64-linux-gnu/9/../../../../x86_64-linux-gnu/include"]
  ignore line: [#include "..." search starts here:]
  ignore line: [#include <...> search starts here:]
  ignore line: [ /usr/include/c++/9]
  ignore line: [ /usr/include/x86_64-linux-gnu/c++/9]
  ignore line: [ /usr/include/c++/9/backward]
  ignore line: [ /usr/lib/gcc/x86_64-linux-gnu/9/include]
  ignore line: [ /usr/local/include]
  ignore line: [ /usr/include/x86_64-linux-gnu]
  ignore line: [ /usr/include]
  ignore line: [End of search list.]
  ignore line: [GNU C++17 (Ubuntu 9.4.0-1ubuntu1~20.04.1) version 9.4.0 (x86_64-linux-gnu)]
  ignore line: [	compiled by GNU C version 9.4.0  GMP version 6.2.0  MPFR version 4.0.2  MPC version 1.1.0  isl version isl-0.22.1-GMP]
  ignore line: []
  ignore line: [GGC heuristics: --param ggc-min-expand=100 --param ggc-min-heapsize=131072]
  ignore line: [Compiler executable checksum: 65fe925b83d3956b533de4aaba7dace0]
  ignore line: [COLLECT_GCC_OPTIONS='-v' '-std=gnu++17' '-o' 'CMakeFiles/cmTC_c7cf5.dir/CMakeCXXCompilerABI.cpp.o' '-c' '-shared-libgcc' '-mtune=generic' '-march=x86-64']
  ignore line: [ as -v --64 -o CMakeFiles/cmTC_c7cf5.dir/CMakeCXXCompilerABI.cpp.o /tmp/ccoRBYeP.s]
  ignore line: [GNU assembler version 2.34 (x86_64-linux-gnu) using BFD version (GNU Binutils for Ubuntu) 2.34]
  ignore line: [COMPILER_PATH=/usr/lib/gcc/x86_64-linux-gnu/9/:/usr/lib/gcc/x86_64-linux-gnu/9/:/usr/lib/gcc/x86_64-linux-gnu/:/usr/lib/gcc/x86_64-linux-gnu/9/:/usr/lib/gcc/x86_64-linux-gnu/]
  ignore line: [LIBRARY_PATH=/usr/lib/gcc/x86_64-linux-gnu/9/:/usr/lib/gcc/x86_64-linux-gnu/9/../../../x86_64-linux-gnu/:/usr/lib/gcc/x86_64-linux-gnu/9/../../../../lib/:/lib/x86_64-linux-gnu/:/lib/../lib/:/usr/lib/x86_64-linux-gnu/:/usr/lib/../lib/:/usr/lib/gcc/x86_64-linux-gnu/9/../../../:/lib/:/usr/lib/]
  ignore line: [COLLECT_GCC_OPTIONS='-v' '-std=gnu++17' '-o' 'CMakeFiles/cmTC_c7cf5.dir/CMakeCXXCompilerABI.cpp.o' '-c' '-shared-libgcc' '-mtune=generic' '-march=x86-64']
  ignore line: [Linking CXX executable cmTC_c7cf5]
  ignore line: [/usr/bin/cmake -E cmake_link_script CMakeFiles/cmTC_c7cf5.dir/link.txt --verbose=1]
  ignore line: [/usr/bin/g++      -v CMakeFiles/cmTC_c7cf5.dir/CMakeCXXCompilerABI.cpp.o  -o cmTC_c7cf5 ]
  ignore line: [Using built-in specs.]
  ignore line: [COLLECT_GCC=/usr/bin/g++]
  ignore line: [COLLECT_LTO_WRAPPER=/usr/lib/gcc/x86_64-linux-gnu/9/lto-wrapper]
  ignore line: [OFFLOAD_TARGET_NAMES=nvptx-none:hsa]
  ignore line: [OFFLOAD_TARGET_DEFAULT=1]
  ignore line: [Target: x86_64-linux-gnu]
  ignore line: [Configured with: ../src/configure -v --with-pkgversion='Ubuntu 9.4.0-1ubuntu1~20.04.1' --with-bugurl=file:///usr/share/doc/gcc-9/README.Bugs --enable-languages=c ada c++ go brig d fortran objc obj-c++ gm2 --prefix=/usr --with-gcc-major-version-only --program-suffix=-9 --program-prefix=x86_64-linux-gnu- --enable-shared --enable-linker-build-id --libexecdir=/usr/lib --without-included-gettext --enable-threads=posix --libdir=/usr/lib --enable-nls --enable-clocale=gnu --enable-libstdcxx-debug --enable-libstdcxx-time=yes --with-default-libstdcxx-abi=new --enable-gnu-unique-object --disable-vtable-verify --enable-plugin --enable-default-pie --with-system-zlib --with-target-system-zlib=auto --enable-objc-gc=auto --enable-multiarch --disable-werror --with-arch-32=i686 --with-abi=m64 --with-multilib-list=m32 m64 mx32 --enable-multilib --with-tune=generic --enable-offload-targets=nvptx-none=/build/gcc-9-Av3uEd/gcc-9-9.4.0/debian/tmp-nvptx/usr hsa --without-cuda-driver --enable-checking=release --build=x86_64-linux-gnu --host=x86_64-linux-gnu --target=x86_64-linux-gnu]
  ignore line: [Thread model: posix]
  ignore line: [gcc version 9.4.0 (Ubuntu 9.4.0-1ubuntu1~20.04.1) ]
  ignore line: [COMPILER_PATH=/usr/lib/gcc/x86_64-linux-gnu/9/:/usr/lib/gcc/x86_64-linux-gnu/9/:/usr/lib/gcc/x86_64-linux-gnu/:/usr/lib/gcc/x86_64-linux-gnu/9/:/usr/lib/gcc/x86_64-linux-gnu/]
  ignore line: [LIBRARY_PATH=/usr/lib/gcc/x86_64-linux-gnu/9/:/usr/lib/gcc/x86_64-linux-gnu/9/../../../x86_64-linux-gnu/:/usr/lib/gcc/x86_64-linux-gnu/9/../../../../lib/:/lib/x86_64-linux-gnu/:/lib/../lib/:/usr/lib/x86_64-linux-gnu/:/usr/lib/../lib/:/usr/lib/gcc/x86_64-linux-gnu/9/../../../:/lib/:/usr/lib/]
  ignore line: [COLLECT_GCC_OPTIONS='-v' '-o' 'cmTC_c7cf5' '-shared-libgcc' '-mtune=generic' '-march=x86-64']
  link line: [ /usr/lib/gcc/x86_64-linux-gnu/9/collect2 -plugin /usr/lib/gcc/x86_64-linux-gnu/9/liblto_plugin.so -plugin-opt=/usr/lib/gcc/x86_64-linux-gnu/9/lto-wrapper -plugin-opt=-fresolution=/tmp/ccUXm0Lh.res -plugin-opt=-pass-through=-lgcc_s -plugin-opt=-pass-through=-lgcc -plugin-opt=-pass-through=-lc -plugin-opt=-pass-through=-lgcc_s -plugin-opt=-pass-through=-lgcc --build-id --eh-frame-hdr -m elf_x86_64 --hash-style=gnu --as-needed -dynamic-linker /lib64/ld-linux-x86-64.so.2 -pie -z now -z relro -o cmTC_c7cf5 /usr/lib/gcc/x86_64-linux-gnu/9/../../../x86_64-linux-gnu/Scrt1.o /usr/lib/gcc/x86_64-linux-gnu/9/../../../x86_64-linux-gnu/crti.o /usr/lib/gcc/x86_64-linux-gnu/9/crtbeginS.o -L/usr/lib/gcc/x86_64-linux-gnu/9 -L/usr/lib/gcc/x86_64-linux-gnu/9/../../../x86_64-linux-gnu -L/usr/lib/gcc/x86_64-linux-gnu/9/../../../../lib -L/lib/x86_64-linux-gnu -L/lib/../lib -L/usr/lib/x86_64-linux-gnu -L/usr/lib/../lib -L/usr/lib/gcc/x86_64-linux-gnu/9/../../.. CMakeFiles/cmTC_c7cf5.dir/CMakeCXXCompilerABI.cpp.o -lstdc++ -lm -lgcc_s -lgcc -lc -lgcc_s -lgcc /usr/lib/gcc/x86_64-linux-gnu/9/crtendS.o /usr/lib/gcc/x86_64-linux-gnu/9/../../../x86_64-linux-gnu/crtn.o]
    arg [/usr/lib/gcc/x86_64-linux-gnu/9/collect2] ==> ignore
    arg [-plugin] ==> ignore
    arg [/usr/lib/gcc/x86_64-linux-gnu/9/liblto_plugin.so] ==> ignore
    arg [-plugin-opt=/usr/lib/gcc/x86_64-linux-gnu/9/lto-wrapper] ==> ignore
    arg [-plugin-opt=-fresolution=/tmp/ccUXm0Lh.res] ==> ignore
    arg [-plugin-opt=-pass-through=-lgcc_s] ==> ignore
    arg [-plugin-opt=-pass-through=-lgcc] ==> ignore
    arg [-plugin-opt=-pass-through=-lc] ==> ignore
    arg [-plugin-opt=-pass-through=-lgcc_s] ==> ignore
    arg [-plugin-opt=-pass-through=-lgcc] ==> ignore
    arg [--build-id] ==> ignore
    arg [--eh-frame-hdr] ==> ignore
    arg [-m] ==> ignore
    arg [elf_x86_64] ==> ignore
    arg [--hash-style=gnu] ==> ignore
    arg [--as-needed] ==> ignore
    arg [-dynamic-linker] ==> ignore
    arg [/lib64/ld-linux-x86-64.so.2] ==> ignore
    arg [-pie] ==> ignore
    arg [-znow] ==> ignore
    arg [-zrelro] ==> ignore
    arg [-o] ==> ignore
    arg [cmTC_c7cf5] ==> ignore
    arg [/usr/lib/gcc/x86_64-linux-gnu/9/../../../x86_64-linux-gnu/Scrt1.o] ==> ignore
    arg [/usr/lib/gcc/x86_64-linux-gnu/9/../../../x86_64-linux-gnu/crti.o] ==> ignore
    arg [/usr/lib/gcc/x86_64-linux-gnu/9/crtbeginS.o] ==> ignore
    arg [-L/usr/lib/gcc/x86_64-linux-gnu/9] ==> dir [/usr/lib/gcc/x86_64-linux-gnu/9]
    arg [-L/usr/lib/gcc/x86_64-linux-gnu/9/../../../x86_64-linux-gnu] ==> dir [/usr/lib/gcc/x86_64-linux-gnu/9/../../../x86_64-linux-gnu]
    arg [-L/usr/lib/gcc/x86_64-linux-gnu/9/../../../../lib] ==> dir [/usr/lib/gcc/x86_64-linux-gnu/9/../../../../lib]
    arg [-L/lib/x86_64-linux-gnu] ==> dir [/lib/x86_64-linux-gnu]
    arg [-L/lib/../lib] ==> dir [/lib/../lib]
    arg [-L/usr/lib/x86_64-linux-gnu] ==> dir [/usr/lib/x86_64-linux-gnu]
    arg [-L/usr/lib/../lib] ==> dir [/usr/lib/../lib]
    arg [-L/usr/lib/gcc/x86_64-linux-gnu/9/../../..] ==> dir [/usr/lib/gcc/x86_64-linux-gnu/9/../../..]
    arg [CMakeFiles/cmTC_c7cf5.dir/CMakeCXXCompilerABI.cpp.o] ==> ignore
    arg [-lstdc++] ==> lib [stdc++]
    arg [-lm] ==> lib [m]
    arg [-lgcc_s] ==> lib [gcc_s]
    arg [-lgcc] ==> lib [gcc]
    arg [-lc] ==> lib [c]
    arg [-lgcc_s] ==> lib [gcc_s]
    arg [-lgcc] ==> lib [gcc]
    arg [/usr/lib/gcc/x86_64-linux-gnu/9/crtendS.o] ==> ignore
    arg [/usr/lib/gcc/x86_64-linux-gnu/9/../../../x86_64-linux-gnu/crtn.o] ==> ignore
  collapse library dir [/usr/lib/gcc/x86_64-linux-gnu/9] ==> [/usr/lib/gcc/x86_64-linux-gnu/9]
  collapse library dir [/usr/lib/gcc/x86_64-linux-gnu/9/../../../x86_64-linux-gnu] ==> [/usr/lib/x86_64-linux-gnu]
  collapse library dir [/usr/lib/gcc/x86_64-linux-gnu/9/../../../../lib] ==> [/usr/lib]
  collapse library dir [/lib/x86_64-linux-gnu] ==> [/lib/x86_64-linux-gnu]
  collapse library dir [/lib/../lib] ==> [/lib]
  collapse library dir [/usr/lib/x86_64-linux-gnu] ==> [/usr/lib/x86_64-linux-gnu]
  collapse library dir [/usr/lib/../lib] ==> [/usr/lib]
  collapse library dir [/usr/lib/gcc/x86_64-linux-gnu/9/../../..] ==> [/usr/lib]
  implicit libs: [stdc++;m;gcc_s;gcc;c;gcc_s;gcc]
  implicit dirs: [/usr/lib/gcc/x86_64-linux-gnu/9;/usr/lib/x86_64-linux-gnu;/usr/lib;/lib/x86_64-linux-gnu;/lib]
  implicit fwks: []


Determining if the include file pthread.h exists passed with the following output:
Change Dir: /root/MiniSQL_v3/build/CMakeFiles/CMakeTmp

Run Build Command(s):/usr/bin/make cmTC_c9ba0/fast && /usr/bin/make -f CMakeFiles/cmTC_c9ba0.dir/build.make CMakeFiles/cmTC_c9ba0.dir/build
make[1]: Entering directory '/root/MiniSQL_v3/build/CMakeFiles/CMakeTmp'
Building C object CMakeFiles/cmTC_c9ba0.dir/CheckIncludeFile.c.o
/usr/bin/gcc    -o CMakeFiles/cmTC_c9ba0.dir/CheckIncludeFile.c.o   -c /root/MiniSQL_v3/build/CMakeFiles/CMakeTmp/CheckIncludeFile.c
Linking C executable cmTC_c9ba0
/usr/bin/cmake -E cmake_link_script CMakeFiles/cmTC_c9ba0.dir/link.txt --verbose=1
/usr/bin/gcc      -rdynamic CMakeFiles/cmTC_c9ba0.dir/CheckIncludeFile.c.o  -o cmTC_c9ba0 
make[1]: Leaving directory '/root/MiniSQL_v3/build/CMakeFiles/CMakeTmp'



Determining if the function pthread_create exists in the pthread passed with the following output:
Change Dir: /root/MiniSQL_v3/build/CMakeFiles/CMakeTmp

Run Build Command(s):/usr/bin/make cmTC_edd46/fast && /usr/bin/make -f CMakeFiles/cmTC_edd46.dir/build.make CMakeFiles/cmTC_edd46.dir/build
make[1]: Entering directory '/root/MiniSQL_v3/build/CMakeFiles/CMakeTmp'
Building C object CMakeFiles/cmTC_edd46.dir/CheckFunctionExists.c.o
/usr/bin/gcc   -DCHECK_FUNCTION_EXISTS=pthread_create   -o CMakeFiles/cmTC_edd46.dir/CheckFunctionExists.c.o   -c /usr/share/cmake-3.16/Modules/CheckFunctionExists.c
Linking C executable cmTC_edd46
/usr/bin/cmake -E cmake_link_script CMakeFiles/cmTC_edd46.dir/link.txt --verbose=1
/usr/bin/gcc  -DCHECK_FUNCTION_EXISTS=pthread_create    -rdynamic CMakeFiles/cmTC_edd46.dir/CheckFunctionExists.c.o  -o cmTC_edd46  -lpthread 
make[1]: Leaving directory '/root/MiniSQL_v3/build/CMakeFiles/CMakeTmp'



Determining if the include file unwind.h exists passed with the following output:
Change Dir: /root/MiniSQL_v3/build/CMakeFiles/CMakeTmp

Run Build Command(s):/usr/bin/make cmTC_b1d88/fast && /usr/bin/make -f CMakeFiles/cmTC_b1d88.dir/build.make CMakeFiles/cmTC_b1d88.dir/build
make[1]: Entering directory '/root/MiniSQL_v3/build/CMakeFiles/CMakeTmp'
Building CXX object CMakeFiles/cmTC_b1d88.dir/CheckIncludeFile.cxx.o
/usr/bin/g++    -fPIE   -std=gnu++17 -o CMakeFiles/cmTC_b1d88.dir/CheckIncludeFile.cxx.o -c /root/MiniSQL_v3/build/CMakeFiles/CMakeTmp/CheckIncludeFile.cxx
Linking CXX executable cmTC_b1d88
/usr/bin/cmake -E cmake_link_script CMakeFiles/cmTC_b1d88.dir/link.txt --verbose=1
/usr/bin/g++       CMakeFiles/cmTC_b1d88.dir/CheckIncludeFile.cxx.o  -o cmTC_b1d88 
make[1]: Leaving directory '/root/MiniSQL_v3/build/CMakeFiles/CMakeTmp'



Determining if the _Unwind_Backtrace exist passed with the following output:
Change Dir: /root/MiniSQL_v3/build/CMakeFiles/CMakeTmp

Run Build Command(s):/usr/bin/make cmTC_e72d8/fast && /usr/bin/make -f CMakeFiles/cmTC_e72d8.dir/build.make CMakeFiles/cmTC_e72d8.dir/build
make[1]: Entering directory '/root/MiniSQL_v3/build/CMakeFiles/CMakeTmp'
Building CXX object CMakeFiles/cmTC_e72d8.dir/CheckSymbolExists.cxx.o
/usr/bin/g++    -fPIE   -std=gnu++17 -o CMakeFiles/cmTC_e72d8.dir/CheckSymbolExists.cxx.o -c /root/MiniSQL_v3/build/CMakeFiles/CMakeTmp/CheckSymbolExists.cxx
Linking CXX executable cmTC_e72d8
/usr/bin/cmake -E cmake_link_script CMakeFiles/cmTC_e72d8.dir/link.txt --verbose=1
/usr/bin/g++       CMakeFiles/cmTC_e72d8.dir/CheckSymbolExists.cxx.o  -o cmTC_e72d8 
make[1]: Leaving directory '/root/MiniSQL_v3/build/CMakeFiles/CMakeTmp'


File /root/MiniSQL_v3/build/CMakeFiles/CMakeTmp/CheckSymbolExists.cxx:
/* */
#include <unwind.h>

int main(int argc, char** argv)
{
  (void)argv;
#ifndef _Unwind_Backtrace
  return ((int*)(&_Unwind_Backtrace))[argc];
#else
  (void)argc;
  return 0;
#endif
}
Determining if the include file dlfcn.h exists passed with the following output:
Change Dir: /root/MiniSQL_v3/build/CMakeFiles/CMakeTmp

Run Build Command(s):/usr/bin/make cmTC_a5d81/fast && /usr/bin/make -f CMakeFiles/cmTC_a5d81.dir/build.make CMakeFiles/cmTC_a5d81.dir/build
make[1]: Entering directory '/root/MiniSQL_v3/build/CMakeFiles/CMakeTmp'
Building CXX object CMakeFiles/cmTC_a5d81.dir/CheckIncludeFile.cxx.o
/usr/bin/g++    -fPIE   -std=gnu++17 -o CMakeFiles/cmTC_a5d81.dir/CheckIncludeFile.cxx.o -c /root/MiniSQL_v3/build/CMakeFiles/CMakeTmp/CheckIncludeFile.cxx
Linking CXX executable cmTC_a5d81
/usr/bin/cmake -E cmake_link_script CMakeFiles/cmTC_a5d81.dir/link.txt --verbose=1
/usr/bin/g++       CMakeFiles/cmTC_a5d81.dir/CheckIncludeFile.cxx.o  -o cmTC_a5d81 
make[1]: Leaving directory '/root/MiniSQL_v3/build/CMakeFiles/CMakeTmp'



Determining if the include file execinfo.h exists passed with the following output:
Change Dir: /root/MiniSQL_v3/build/CMakeFiles/CMakeTmp

Run Build Command(s):/usr/bin/make cmTC_12432/fast && /usr/bin/make -f CMakeFiles/cmTC_12432.dir/build.make CMakeFiles/cmTC_12432.dir/build
make[1]: Entering directory '/root/MiniSQL_v3/build/CMakeFiles/CMakeTmp'
Building CXX object CMakeFiles/cmTC_12432.dir/CheckIncludeFile.cxx.o
/usr/bin/g++    -fPIE   -std=gnu++17 -o CMakeFiles/cmTC_12432.dir/CheckIncludeFile.cxx.o -c /root/MiniSQL_v3/build/CMakeFiles/CMakeTmp/CheckIncludeFile.cxx
Linking CXX executable cmTC_12432
/usr/bin/cmake -E cmake_link_script CMakeFiles/cmTC_12432.dir/link.txt --verbose=1
/usr/bin/g++       CMakeFiles/cmTC_12432.dir/CheckIncludeFile.cxx.o  -o cmTC_12432 
make[1]: Leaving directory '/root/MiniSQL_v3/build/CMakeFiles/CMakeTmp'



Determining if the include file glob.h exists passed with the following output:
Change Dir: /root/MiniSQL_v3/build/CMakeFiles/CMakeTmp

Run Build Command(s):/usr/bin/make cmTC_1c600/fast && /usr/bin/make -f CMakeFiles/cmTC_1c600.dir/build.make CMakeFiles/cmTC_1c600.dir/build
make[1]: Entering directory '/root/MiniSQL_v3/build/CMakeFiles/CMakeTmp'
Building CXX object CMakeFiles/cmTC_1c600.dir/CheckIncludeFile.cxx.o
/usr/bin/g++    -fPIE   -std=gnu++17 -o CMakeFiles/cmTC_1c600.dir/CheckIncludeFile.cxx.o -c /root/MiniSQL_v3/build/CMakeFiles/CMakeTmp/CheckIncludeFile.cxx
Linking CXX executable cmTC_1c600
/usr/bin/cmake -E cmake_link_script CMakeFiles/cmTC_1c600.dir/link.txt --verbose=1
/usr/bin/g++       CMakeFiles/cmTC_1c600.dir/CheckIncludeFile.cxx.o  -o cmTC_1c600 
make[1]: Leaving directory '/root/MiniSQL_v3/build/CMakeFiles/CMakeTmp'



Determining if the include file inttypes.h exists passed with the following output:
Change Dir: /root/MiniSQL_v3/build/CMakeFiles/CMakeTmp

Run Build Command(s):/usr/bin/make cmTC_db40d/fast && /usr/bin/make -f CMakeFiles/cmTC_db40d.dir/build.make CMakeFiles/cmTC_db40d.dir/build
make[1]: Entering directory '/root/MiniSQL_v3/build/CMakeFiles/CMakeTmp'
Building CXX object CMakeFiles/cmTC_db40d.dir/CheckIncludeFile.cxx.o
/usr/bin/g++    -fPIE   -std=gnu++17 -o CMakeFiles/cmTC_db40d.dir/CheckIncludeFile.cxx.o -c /root/MiniSQL_v3/build/CMakeFiles/CMakeTmp/CheckIncludeFile.cxx
Linking CXX executable cmTC_db40d
/usr/bin/cmake -E cmake_link_script CMakeFiles/cmTC_db40d.dir/link.txt --verbose=1
/usr/bin/g++       CMakeFiles/cmTC_db40d.dir/CheckIncludeFile.cxx.o  -o cmTC_db40d 
make[1]: Leaving directory '/root/MiniSQL_v3/build/CMakeFiles/CMakeTmp'



Determining if the include file memory.h exists passed with the following output:
Change Dir: /root/MiniSQL_v3/build/CMakeFiles/CMakeTmp

Run Build Command(s):/usr/bin/make cmTC_f480e/fast && /usr/bin/make -f CMakeFiles/cmTC_f480e.dir/build.make CMakeFiles/cmTC_f480e.dir/build
make[1]: Entering directory '/root/MiniSQL_v3/build/CMakeFiles/CMakeTmp'
Building CXX object CMakeFiles/cmTC_f480e.dir/CheckIncludeFile.cxx.o
/usr/bin/g++    -fPIE   -std=gnu++17 -o CMakeFiles/cmTC_f480e.dir/CheckIncludeFile.cxx.o -c /root/MiniSQL_v3/build/CMakeFiles/CMakeTmp/CheckIncludeFile.cxx
Linking CXX executable cmTC_f480e
/usr/bin/cmake -E cmake_link_script CMakeFiles/cmTC_f480e.dir/link.txt --verbose=1
/usr/bin/g++       CMakeFiles/cmTC_f480e.dir/CheckIncludeFile.cxx.o  -o cmTC_f480e 
make[1]: Leaving directory '/root/MiniSQL_v3/build/CMakeFiles/CMakeTmp'



Determining if the include file pwd.h exists passed with the following output:
Change Dir: /root/MiniSQL_v3/build/CMakeFiles/CMakeTmp

Run Build Command(s):/usr/bin/make cmTC_038f0/fast && /usr/bin/make -f CMakeFiles/cmTC_038f0.dir/build.make CMakeFiles/cmTC_038f0.dir/build
make[1]: Entering directory '/root/MiniSQL_v3/build/CMakeFiles/CMakeTmp'
Building CXX object CMakeFiles/cmTC_038f0.dir/CheckIncludeFile.cxx.o
/usr/bin/g++    -fPIE   -std=gnu++17 -o CMakeFiles/cmTC_038f0.dir/CheckIncludeFile.cxx.o -c /root/MiniSQL_v3/build/CMakeFiles/CMakeTmp/CheckIncludeFile.cxx
Linking CXX executable cmTC_038f0
/usr/bin/cmake -E cmake_link_script CMakeFiles/cmTC_038f0.dir/link.txt --verbose=1
/usr/bin/g++       CMakeFiles/cmTC_038f0.dir/CheckIncludeFile.cxx.o  -o cmTC_038f0 
make[1]: Leaving directory '/root/MiniSQL_v3/build/CMakeFiles/CMakeTmp'



Determining if the include file stdint.h exists passed with the following output:
Change Dir: /root/MiniSQL_v3/build/CMakeFiles/CMakeTmp

Run Build Command(s):/usr/bin/make cmTC_9f6b4/fast && /usr/bin/make -f CMakeFiles/cmTC_9f6b4.dir/build.make CMakeFiles/cmTC_9f6b4.dir/build
make[1]: Entering directory '/root/MiniSQL_v3/build/CMakeFiles/CMakeTmp'
Building CXX object CMakeFiles/cmTC_9f6b4.dir/CheckIncludeFile.cxx.o
/usr/bin/g++    -fPIE   -std=gnu++17 -o CMakeFiles/cmTC_9f6b4.dir/CheckIncludeFile.cxx.o -c /root/MiniSQL_v3/build/CMakeFiles/CMakeTmp/CheckIncludeFile.cxx
Linking CXX executable cmTC_9f6b4
/usr/bin/cmake -E cmake_link_script CMakeFiles/cmTC_9f6b4.dir/link.txt --verbose=1
/usr/bin/g++       CMakeFiles/cmTC_9f6b4.dir/CheckIncludeFile.cxx.o  -o cmTC_9f6b4 
make[1]: Leaving directory '/root/MiniSQL_v3/build/CMakeFiles/CMakeTmp'



Determining if the include file strings.h exists passed with the following output:
Change Dir: /root/MiniSQL_v3/build/CMakeFiles/CMakeTmp

Run Build Command(s):/usr/bin/make cmTC_34631/fast && /usr/bin/make -f CMakeFiles/cmTC_34631.dir/build.make CMakeFiles/cmTC_34631.dir/build
make[1]: Entering directory '/root/MiniSQL_v3/build/CMakeFiles/CMakeTmp'
Building CXX object CMakeFiles/cmTC_34631.dir/CheckIncludeFile.cxx.o
/usr/bin/g++    -fPIE   -std=gnu++17 -o CMakeFiles/cmTC_34631.dir/CheckIncludeFile.cxx.o -c /root/MiniSQL_v3/build/CMakeFiles/CMakeTmp/CheckIncludeFile.cxx
Linking CXX executable cmTC_34631
/usr/bin/cmake -E cmake_link_script CMakeFiles/cmTC_34631.dir/link.txt --verbose=1
/usr/bin/g++       CMakeFiles/cmTC_34631.dir/CheckIncludeFile.cxx.o  -o cmTC_34631 
make[1]: Leaving directory '/root/MiniSQL_v3/build/CMakeFiles/CMakeTmp'



Determining if the include file sys/stat.h exists passed with the following output:
Change Dir: /root/MiniSQL_v3/build/CMakeFiles/CMakeTmp

Run Build Command(s):/usr/bin/make cmTC_c9883/fast && /usr/bin/make -f CMakeFiles/cmTC_c9883.dir/build.make CMakeFiles/cmTC_c9883.dir/build
make[1]: Entering directory '/root/MiniSQL_v3/build/CMakeFiles/CMakeTmp'
Building CXX object CMakeFiles/cmTC_c9883.dir/CheckIncludeFile.cxx.o
/usr/bin/g++    -fPIE   -std=gnu++17 -o CMakeFiles/cmTC_c9883.dir/CheckIncludeFile.cxx.o -c /root/MiniSQL_v3/build/CMakeFiles/CMakeTmp/CheckIncludeFile.cxx
Linking CXX executable cmTC_c9883
/usr/bin/cmake -E cmake_link_script CMakeFiles/cmTC_c9883.dir/link.txt --verbose=1
/usr/bin/g++       CMakeFiles/cmTC_c9883.dir/CheckIncludeFile.cxx.o  -o cmTC_c9883 
make[1]: Leaving directory '/root/MiniSQL_v3/build/CMakeFiles/CMakeTmp'



Determining if the include file sys/syscall.h exists passed with the following output:
Change Dir: /root/MiniSQL_v3/build/CMakeFiles/CMakeTmp

Run Build Command(s):/usr/bin/make cmTC_99aa5/fast && /usr/bin/make -f CMakeFiles/cmTC_99aa5.dir/build.make CMakeFiles/cmTC_99aa5.dir/build
make[1]: Entering directory '/root/MiniSQL_v3/build/CMakeFiles/CMakeTmp'
Building CXX object CMakeFiles/cmTC_99aa5.dir/CheckIncludeFile.cxx.o
/usr/bin/g++    -fPIE   -std=gnu++17 -o CMakeFiles/cmTC_99aa5.dir/CheckIncludeFile.cxx.o -c /root/MiniSQL_v3/build/CMakeFiles/CMakeTmp/CheckIncludeFile.cxx
Linking CXX executable cmTC_99aa5
/usr/bin/cmake -E cmake_link_script CMakeFiles/cmTC_99aa5.dir/link.txt --verbose=1
/usr/bin/g++       CMakeFiles/cmTC_99aa5.dir/CheckIncludeFile.cxx.o  -o cmTC_99aa5 
make[1]: Leaving directory '/root/MiniSQL_v3/build/CMakeFiles/CMakeTmp'



Determining if the include file sys/time.h exists passed with the following output:
Change Dir: /root/MiniSQL_v3/build/CMakeFiles/CMakeTmp

Run Build Command(s):/usr/bin/make cmTC_ce5ab/fast && /usr/bin/make -f CMakeFiles/cmTC_ce5ab.dir/build.make CMakeFiles/cmTC_ce5ab.dir/build
make[1]: Entering directory '/root/MiniSQL_v3/build/CMakeFiles/CMakeTmp'
Building CXX object CMakeFiles/cmTC_ce5ab.dir/CheckIncludeFile.cxx.o
/usr/bin/g++    -fPIE   -std=gnu++17 -o CMakeFiles/cmTC_ce5ab.dir/CheckIncludeFile.cxx.o -c /root/MiniSQL_v3/build/CMakeFiles/CMakeTmp/CheckIncludeFile.cxx
Linking CXX executable cmTC_ce5ab
/usr/bin/cmake -E cmake_link_script CMakeFiles/cmTC_ce5ab.dir/link.txt --verbose=1
/usr/bin/g++       CMakeFiles/cmTC_ce5ab.dir/CheckIncludeFile.cxx.o  -o cmTC_ce5ab 
make[1]: Leaving directory '/root/MiniSQL_v3/build/CMakeFiles/CMakeTmp'



Determining if the include file sys/types.h exists passed with the following output:
Change Dir: /root/MiniSQL_v3/build/CMakeFiles/CMakeTmp

Run Build Command(s):/usr/bin/make cmTC_11588/fast && /usr/bin/make -f CMakeFiles/cmTC_11588.dir/build.make CMakeFiles/cmTC_11588.dir/build
make[1]: Entering directory '/root/MiniSQL_v3/build/CMakeFiles/CMakeTmp'
Building CXX object CMakeFiles/cmTC_11588.dir/CheckIncludeFile.cxx.o
/usr/bin/g++    -fPIE   -std=gnu++17 -o CMakeFiles/cmTC_11588.dir/CheckIncludeFile.cxx.o -c /root/MiniSQL_v3/build/CMakeFiles/CMakeTmp/CheckIncludeFile.cxx
Linking CXX executable cmTC_11588
/usr/bin/cmake -E cmake_link_script CMakeFiles/cmTC_11588.dir/link.txt --verbose=1
/usr/bin/g++       CMakeFiles/cmTC_11588.dir/CheckIncludeFile.cxx.o  -o cmTC_11588 
make[1]: Leaving directory '/root/MiniSQL_v3/build/CMakeFiles/CMakeTmp'



Determining if the include file sys/utsname.h exists passed with the following output:
Change Dir: /root/MiniSQL_v3/build/CMakeFiles/CMakeTmp

Run Build Command(s):/usr/bin/make cmTC_a1f7b/fast && /usr/bin/make -f CMakeFiles/cmTC_a1f7b.dir/build.make CMakeFiles/cmTC_a1f7b.dir/build
make[1]: Entering directory '/root/MiniSQL_v3/build/CMakeFiles/CMakeTmp'
Building CXX object CMakeFiles/cmTC_a1f7b.dir/CheckIncludeFile.cxx.o
/usr/bin/g++    -fPIE   -std=gnu++17 -o CMakeFiles/cmTC_a1f7b.dir/CheckIncludeFile.cxx.o -c /root/MiniSQL_v3/build/CMakeFiles/CMakeTmp/CheckIncludeFile.cxx
Linking CXX executable cmTC_a1f7b
/usr/bin/cmake -E cmake_link_script CMakeFiles/cmTC_a1f7b.dir/link.txt --verbose=1
/usr/bin/g++       CMakeFiles/cmTC_a1f7b.dir/CheckIncludeFile.cxx.o  -o cmTC_a1f7b 
make[1]: Leaving directory '/root/MiniSQL_v3/build/CMakeFiles/CMakeTmp'



Determining if the include file sys/wait.h exists passed with the following output:
Change Dir: /root/MiniSQL_v3/build/CMakeFiles/CMakeTmp

Run Build Command(s):/usr/bin/make cmTC_a85a3/fast && /usr/bin/make -f CMakeFiles/cmTC_a85a3.dir/build.make CMakeFiles/cmTC_a85a3.dir/build
make[1]: Entering directory '/root/MiniSQL_v3/build/CMakeFiles/CMakeTmp'
Building CXX object CMakeFiles/cmTC_a85a3.dir/CheckIncludeFile.cxx.o
/usr/bin/g++    -fPIE   -std=gnu++17 -o CMakeFiles/cmTC_a85a3.dir/CheckIncludeFile.cxx.o -c /root/MiniSQL_v3/build/CMakeFiles/CMakeTmp/CheckIncludeFile.cxx
Linking CXX executable cmTC_a85a3
/usr/bin/cmake -E cmake_link_script CMakeFiles/cmTC_a85a3.dir/link.txt --verbose=1
/usr/bin/g++       CMakeFiles/cmTC_a85a3.dir/CheckIncludeFile.cxx.o  -o cmTC_a85a3 
make[1]: Leaving directory '/root/MiniSQL_v3/build/CMakeFiles/CMakeTmp'



Determining if the include file syscall.h exists passed with the following output:
Change Dir: /root/MiniSQL_v3/build/CMakeFiles/CMakeTmp

Run Build Command(s):/usr/bin/make cmTC_810dc/fast && /usr/bin/make -f CMakeFiles/cmTC_810dc.dir/build.make CMakeFiles/cmTC_810dc.dir/build
make[1]: Entering directory '/root/MiniSQL_v3/build/CMakeFiles/CMakeTmp'
Building CXX object CMakeFiles/cmTC_810dc.dir/CheckIncludeFile.cxx.o
/usr/bin/g++    -fPIE   -std=gnu++17 -o CMakeFiles/cmTC_810dc.dir/CheckIncludeFile.cxx.o -c /root/MiniSQL_v3/build/CMakeFiles/CMakeTmp/CheckIncludeFile.cxx
Linking CXX executable cmTC_810dc
/usr/bin/cmake -E cmake_link_script CMakeFiles/cmTC_810dc.dir/link.txt --verbose=1
/usr/bin/g++       CMakeFiles/cmTC_810dc.dir/CheckIncludeFile.cxx.o  -o cmTC_810dc 
make[1]: Leaving directory '/root/MiniSQL_v3/build/CMakeFiles/CMakeTmp'



Determining if the include file syslog.h exists passed with the following output:
Change Dir: /root/MiniSQL_v3/build/CMakeFiles/CMakeTmp

Run Build Command(s):/usr/bin/make cmTC_2a8ed/fast && /usr/bin/make -f CMakeFiles/cmTC_2a8ed.dir/build.make CMakeFiles/cmTC_2a8ed.dir/build
make[1]: Entering directory '/root/MiniSQL_v3/build/CMakeFiles/CMakeTmp'
Building CXX object CMakeFiles/cmTC_2a8ed.dir/CheckIncludeFile.cxx.o
/usr/bin/g++    -fPIE   -std=gnu++17 -o CMakeFiles/cmTC_2a8ed.dir/CheckIncludeFile.cxx.o -c /root/MiniSQL_v3/build/CMakeFiles/CMakeTmp/CheckIncludeFile.cxx
Linking CXX executable cmTC_2a8ed
/usr/bin/cmake -E cmake_link_script CMakeFiles/cmTC_2a8ed.dir/link.txt --verbose=1
/usr/bin/g++       CMakeFiles/cmTC_2a8ed.dir/CheckIncludeFile.cxx.o  -o cmTC_2a8ed 
make[1]: Leaving directory '/root/MiniSQL_v3/build/CMakeFiles/CMakeTmp'



Determining if the include file ucontext.h exists passed with the following output:
Change Dir: /root/MiniSQL_v3/build/CMakeFiles/CMakeTmp

Run Build Command(s):/usr/bin/make cmTC_fdc94/fast && /usr/bin/make -f CMakeFiles/cmTC_fdc94.dir/build.make CMakeFiles/cmTC_fdc94.dir/build
make[1]: Entering directory '/root/MiniSQL_v3/build/CMakeFiles/CMakeTmp'
Building CXX object CMakeFiles/cmTC_fdc94.dir/CheckIncludeFile.cxx.o
/usr/bin/g++    -fPIE   -std=gnu++17 -o CMakeFiles/cmTC_fdc94.dir/CheckIncludeFile.cxx.o -c /root/MiniSQL_v3/build/CMakeFiles/CMakeTmp/CheckIncludeFile.cxx
Linking CXX executable cmTC_fdc94
/usr/bin/cmake -E cmake_link_script CMakeFiles/cmTC_fdc94.dir/link.txt --verbose=1
/usr/bin/g++       CMakeFiles/cmTC_fdc94.dir/CheckIncludeFile.cxx.o  -o cmTC_fdc94 
make[1]: Leaving directory '/root/MiniSQL_v3/build/CMakeFiles/CMakeTmp'



Determining if the include file unistd.h exists passed with the following output:
Change Dir: /root/MiniSQL_v3/build/CMakeFiles/CMakeTmp

Run Build Command(s):/usr/bin/make cmTC_affe2/fast && /usr/bin/make -f CMakeFiles/cmTC_affe2.dir/build.make CMakeFiles/cmTC_affe2.dir/build
make[1]: Entering directory '/root/MiniSQL_v3/build/CMakeFiles/CMakeTmp'
Building CXX object CMakeFiles/cmTC_affe2.dir/CheckIncludeFile.cxx.o
/usr/bin/g++    -fPIE   -std=gnu++17 -o CMakeFiles/cmTC_affe2.dir/CheckIncludeFile.cxx.o -c /root/MiniSQL_v3/build/CMakeFiles/CMakeTmp/CheckIncludeFile.cxx
Linking CXX executable cmTC_affe2
/usr/bin/cmake -E cmake_link_script CMakeFiles/cmTC_affe2.dir/link.txt --verbose=1
/usr/bin/g++       CMakeFiles/cmTC_affe2.dir/CheckIncludeFile.cxx.o  -o cmTC_affe2 
make[1]: Leaving directory '/root/MiniSQL_v3/build/CMakeFiles/CMakeTmp'



Determining if the include file ext/hash_map exists passed with the following output:
Change Dir: /root/MiniSQL_v3/build/CMakeFiles/CMakeTmp

Run Build Command(s):/usr/bin/make cmTC_57bea/fast && /usr/bin/make -f CMakeFiles/cmTC_57bea.dir/build.make CMakeFiles/cmTC_57bea.dir/build
make[1]: Entering directory '/root/MiniSQL_v3/build/CMakeFiles/CMakeTmp'
Building CXX object CMakeFiles/cmTC_57bea.dir/CheckIncludeFile.cxx.o
/usr/bin/g++    -fPIE   -std=gnu++17 -o CMakeFiles/cmTC_57bea.dir/CheckIncludeFile.cxx.o -c /root/MiniSQL_v3/build/CMakeFiles/CMakeTmp/CheckIncludeFile.cxx
In file included from /usr/include/c++/9/ext/hash_map:60,
                 from /root/MiniSQL_v3/build/CMakeFiles/CMakeTmp/CheckIncludeFile.cxx:1:
/usr/include/c++/9/backward/backward_warning.h:32:2: warning: #warning This file includes at least one deprecated or antiquated header which may be removed without further notice at a future date. Please use a non-deprecated interface with equivalent functionality instead. For a listing of replacement headers and interfaces, consult the file backward_warning.h. To disable this warning use -Wno-deprecated. [-Wcpp]
   32 | #warning \
      |  ^~~~~~~
Linking CXX executable cmTC_57bea
/usr/bin/cmake -E cmake_link_script CMakeFiles/cmTC_57bea.dir/link.txt --verbose=1
/usr/bin/g++       CMakeFiles/cmTC_57bea.dir/CheckIncludeFile.cxx.o  -o cmTC_57bea 
make[1]: Leaving directory '/root/MiniSQL_v3/build/CMakeFiles/CMakeTmp'



Determining if the include file ext/hash_set exists passed with the following output:
Change Dir: /root/MiniSQL_v3/build/CMakeFiles/CMakeTmp

Run Build Command(s):/usr/bin/make cmTC_91f42/fast && /usr/bin/make -f CMakeFiles/cmTC_91f42.dir/build.make CMakeFiles/cmTC_91f42.dir/build
make[1]: Entering directory '/root/MiniSQL_v3/build/CMakeFiles/CMakeTmp'
Building CXX object CMakeFiles/cmTC_91f42.dir/CheckIncludeFile.cxx.o
/usr/bin/g++    -fPIE   -std=gnu++17 -o CMakeFiles/cmTC_91f42.dir/CheckIncludeFile.cxx.o -c /root/MiniSQL_v3/build/CMakeFiles/CMakeTmp/CheckIncludeFile.cxx
In file included from /usr/include/c++/9/ext/hash_set:60,
                 from /root/MiniSQL_v3/build/CMakeFiles/CMakeTmp/CheckIncludeFile.cxx:1:
/usr/include/c++/9/backward/backward_warning.h:32:2: warning: #warning This file includes at least one deprecated or antiquated header which may be removed without further notice at a future date. Please use a non-deprecated interface with equivalent functionality instead. For a listing of replacement headers and interfaces, consult the file backward_warning.h. To disable this warning use -Wno-deprecated. [-Wcpp]
   32 | #warning \
      |  ^~~~~~~
Linking CXX executable cmTC_91f42
/usr/bin/cmake -E cmake_link_script CMakeFiles/cmTC_91f42.dir/link.txt --verbose=1
/usr/bin/g++       CMakeFiles/cmTC_91f42.dir/CheckIncludeFile.cxx.o  -o cmTC_91f42 
make[1]: Leaving directory '/root/MiniSQL_v3/build/CMakeFiles/CMakeTmp'



Determining if the include file ext/slist exists passed with the following output:
Change Dir: /root/MiniSQL_v3/build/CMakeFiles/CMakeTmp

Run Build Command(s):/usr/bin/make cmTC_e301d/fast && /usr/bin/make -f CMakeFiles/cmTC_e301d.dir/build.make CMakeFiles/cmTC_e301d.dir/build
make[1]: Entering directory '/root/MiniSQL_v3/build/CMakeFiles/CMakeTmp'
Building CXX object CMakeFiles/cmTC_e301d.dir/CheckIncludeFile.cxx.o
/usr/bin/g++    -fPIE   -std=gnu++17 -o CMakeFiles/cmTC_e301d.dir/CheckIncludeFile.cxx.o -c /root/MiniSQL_v3/build/CMakeFiles/CMakeTmp/CheckIncludeFile.cxx
Linking CXX executable cmTC_e301d
/usr/bin/cmake -E cmake_link_script CMakeFiles/cmTC_e301d.dir/link.txt --verbose=1
/usr/bin/g++       CMakeFiles/cmTC_e301d.dir/CheckIncludeFile.cxx.o  -o cmTC_e301d 
make[1]: Leaving directory '/root/MiniSQL_v3/build/CMakeFiles/CMakeTmp'



Determining if the include file tr1/unordered_map exists passed with the following output:
Change Dir: /root/MiniSQL_v3/build/CMakeFiles/CMakeTmp

Run Build Command(s):/usr/bin/make cmTC_bd0b8/fast && /usr/bin/make -f CMakeFiles/cmTC_bd0b8.dir/build.make CMakeFiles/cmTC_bd0b8.dir/build
make[1]: Entering directory '/root/MiniSQL_v3/build/CMakeFiles/CMakeTmp'
Building CXX object CMakeFiles/cmTC_bd0b8.dir/CheckIncludeFile.cxx.o
/usr/bin/g++    -fPIE   -std=gnu++17 -o CMakeFiles/cmTC_bd0b8.dir/CheckIncludeFile.cxx.o -c /root/MiniSQL_v3/build/CMakeFiles/CMakeTmp/CheckIncludeFile.cxx
Linking CXX executable cmTC_bd0b8
/usr/bin/cmake -E cmake_link_script CMakeFiles/cmTC_bd0b8.dir/link.txt --verbose=1
/usr/bin/g++       CMakeFiles/cmTC_bd0b8.dir/CheckIncludeFile.cxx.o  -o cmTC_bd0b8 
make[1]: Leaving directory '/root/MiniSQL_v3/build/CMakeFiles/CMakeTmp'



Determining if the include file tr1/unordered_set exists passed with the following output:
Change Dir: /root/MiniSQL_v3/build/CMakeFiles/CMakeTmp

Run Build Command(s):/usr/bin/make cmTC_2152d/fast && /usr/bin/make -f CMakeFiles/cmTC_2152d.dir/build.make CMakeFiles/cmTC_2152d.dir/build
make[1]: Entering directory '/root/MiniSQL_v3/build/CMakeFiles/CMakeTmp'
Building CXX object CMakeFiles/cmTC_2152d.dir/CheckIncludeFile.cxx.o
/usr/bin/g++    -fPIE   -std=gnu++17 -o CMakeFiles/cmTC_2152d.dir/CheckIncludeFile.cxx.o -c /root/MiniSQL_v3/build/CMakeFiles/CMakeTmp/CheckIncludeFile.cxx
Linking CXX executable cmTC_2152d
/usr/bin/cmake -E cmake_link_script CMakeFiles/cmTC_2152d.dir/link.txt --verbose=1
/usr/bin/g++       CMakeFiles/cmTC_2152d.dir/CheckIncludeFile.cxx.o  -o cmTC_2152d 
make[1]: Leaving directory '/root/MiniSQL_v3/build/CMakeFiles/CMakeTmp'



Determining if the include file unordered_map exists passed with the following output:
Change Dir: /root/MiniSQL_v3/build/CMakeFiles/CMakeTmp

Run Build Command(s):/usr/bin/make cmTC_3a02f/fast && /usr/bin/make -f CMakeFiles/cmTC_3a02f.dir/build.make CMakeFiles/cmTC_3a02f.dir/build
make[1]: Entering directory '/root/MiniSQL_v3/build/CMakeFiles/CMakeTmp'
Building CXX object CMakeFiles/cmTC_3a02f.dir/CheckIncludeFile.cxx.o
/usr/bin/g++    -fPIE   -std=gnu++17 -o CMakeFiles/cmTC_3a02f.dir/CheckIncludeFile.cxx.o -c /root/MiniSQL_v3/build/CMakeFiles/CMakeTmp/CheckIncludeFile.cxx
Linking CXX executable cmTC_3a02f
/usr/bin/cmake -E cmake_link_script CMakeFiles/cmTC_3a02f.dir/link.txt --verbose=1
/usr/bin/g++       CMakeFiles/cmTC_3a02f.dir/CheckIncludeFile.cxx.o  -o cmTC_3a02f 
make[1]: Leaving directory '/root/MiniSQL_v3/build/CMakeFiles/CMakeTmp'



Determining if the include file unordered_set exists passed with the following output:
Change Dir: /root/MiniSQL_v3/build/CMakeFiles/CMakeTmp

Run Build Command(s):/usr/bin/make cmTC_2cf41/fast && /usr/bin/make -f CMakeFiles/cmTC_2cf41.dir/build.make CMakeFiles/cmTC_2cf41.dir/build
make[1]: Entering directory '/root/MiniSQL_v3/build/CMakeFiles/CMakeTmp'
Building CXX object CMakeFiles/cmTC_2cf41.dir/CheckIncludeFile.cxx.o
/usr/bin/g++    -fPIE   -std=gnu++17 -o CMakeFiles/cmTC_2cf41.dir/CheckIncludeFile.cxx.o -c /root/MiniSQL_v3/build/CMakeFiles/CMakeTmp/CheckIncludeFile.cxx
Linking CXX executable cmTC_2cf41
/usr/bin/cmake -E cmake_link_script CMakeFiles/cmTC_2cf41.dir/link.txt --verbose=1
/usr/bin/g++       CMakeFiles/cmTC_2cf41.dir/CheckIncludeFile.cxx.o  -o cmTC_2cf41 
make[1]: Leaving directory '/root/MiniSQL_v3/build/CMakeFiles/CMakeTmp'



Determining if the include file stddef.h exists passed with the following output:
Change Dir: /root/MiniSQL_v3/build/CMakeFiles/CMakeTmp

Run Build Command(s):/usr/bin/make cmTC_28327/fast && /usr/bin/make -f CMakeFiles/cmTC_28327.dir/build.make CMakeFiles/cmTC_28327.dir/build
make[1]: Entering directory '/root/MiniSQL_v3/build/CMakeFiles/CMakeTmp'
Building CXX object CMakeFiles/cmTC_28327.dir/CheckIncludeFile.cxx.o
/usr/bin/g++    -fPIE   -std=gnu++17 -o CMakeFiles/cmTC_28327.dir/CheckIncludeFile.cxx.o -c /root/MiniSQL_v3/build/CMakeFiles/CMakeTmp/CheckIncludeFile.cxx
Linking CXX executable cmTC_28327
/usr/bin/cmake -E cmake_link_script CMakeFiles/cmTC_28327.dir/link.txt --verbose=1
/usr/bin/g++       CMakeFiles/cmTC_28327.dir/CheckIncludeFile.cxx.o  -o cmTC_28327 
make[1]: Leaving directory '/root/MiniSQL_v3/build/CMakeFiles/CMakeTmp'



Determining size of u_int16_t passed with the following output:
Change Dir: /root/MiniSQL_v3/build/CMakeFiles/CMakeTmp

Run Build Command(s):/usr/bin/make cmTC_73a68/fast && /usr/bin/make -f CMakeFiles/cmTC_73a68.dir/build.make CMakeFiles/cmTC_73a68.dir/build
make[1]: Entering directory '/root/MiniSQL_v3/build/CMakeFiles/CMakeTmp'
Building CXX object CMakeFiles/cmTC_73a68.dir/HAVE_U_INT16_T.cpp.o
/usr/bin/g++    -fPIE   -std=gnu++17 -o CMakeFiles/cmTC_73a68.dir/HAVE_U_INT16_T.cpp.o -c /root/MiniSQL_v3/build/CMakeFiles/CheckTypeSize/HAVE_U_INT16_T.cpp
Linking CXX executable cmTC_73a68
/usr/bin/cmake -E cmake_link_script CMakeFiles/cmTC_73a68.dir/link.txt --verbose=1
/usr/bin/g++       CMakeFiles/cmTC_73a68.dir/HAVE_U_INT16_T.cpp.o  -o cmTC_73a68 
make[1]: Leaving directory '/root/MiniSQL_v3/build/CMakeFiles/CMakeTmp'



Determining size of uint16_t passed with the following output:
Change Dir: /root/MiniSQL_v3/build/CMakeFiles/CMakeTmp

Run Build Command(s):/usr/bin/make cmTC_be7dd/fast && /usr/bin/make -f CMakeFiles/cmTC_be7dd.dir/build.make CMakeFiles/cmTC_be7dd.dir/build
make[1]: Entering directory '/root/MiniSQL_v3/build/CMakeFiles/CMakeTmp'
Building CXX object CMakeFiles/cmTC_be7dd.dir/HAVE_UINT16_T.cpp.o
/usr/bin/g++    -fPIE   -std=gnu++17 -o CMakeFiles/cmTC_be7dd.dir/HAVE_UINT16_T.cpp.o -c /root/MiniSQL_v3/build/CMakeFiles/CheckTypeSize/HAVE_UINT16_T.cpp
Linking CXX executable cmTC_be7dd
/usr/bin/cmake -E cmake_link_script CMakeFiles/cmTC_be7dd.dir/link.txt --verbose=1
/usr/bin/g++       CMakeFiles/cmTC_be7dd.dir/HAVE_UINT16_T.cpp.o  -o cmTC_be7dd 
make[1]: Leaving directory '/root/MiniSQL_v3/build/CMakeFiles/CMakeTmp'



Determining if the function fcntl exists passed with the following output:
Change Dir: /root/MiniSQL_v3/build/CMakeFiles/CMakeTmp

Run Build Command(s):/usr/bin/make cmTC_fa98c/fast && /usr/bin/make -f CMakeFiles/cmTC_fa98c.dir/build.make CMakeFiles/cmTC_fa98c.dir/build
make[1]: Entering directory '/root/MiniSQL_v3/build/CMakeFiles/CMakeTmp'
Building C object CMakeFiles/cmTC_fa98c.dir/CheckFunctionExists.c.o
/usr/bin/gcc   -DCHECK_FUNCTION_EXISTS=fcntl -fPIE   -o CMakeFiles/cmTC_fa98c.dir/CheckFunctionExists.c.o   -c /usr/share/cmake-3.16/Modules/CheckFunctionExists.c
Linking C executable cmTC_fa98c
/usr/bin/cmake -E cmake_link_script CMakeFiles/cmTC_fa98c.dir/link.txt --verbose=1
/usr/bin/gcc  -DCHECK_FUNCTION_EXISTS=fcntl    CMakeFiles/cmTC_fa98c.dir/CheckFunctionExists.c.o  -o cmTC_fa98c 
make[1]: Leaving directory '/root/MiniSQL_v3/build/CMakeFiles/CMakeTmp'



Determining if the function pread exists passed with the following output:
Change Dir: /root/MiniSQL_v3/build/CMakeFiles/CMakeTmp

Run Build Command(s):/usr/bin/make cmTC_65ad6/fast && /usr/bin/make -f CMakeFiles/cmTC_65ad6.dir/build.make CMakeFiles/cmTC_65ad6.dir/build
make[1]: Entering directory '/root/MiniSQL_v3/build/CMakeFiles/CMakeTmp'
Building C object CMakeFiles/cmTC_65ad6.dir/CheckFunctionExists.c.o
/usr/bin/gcc   -DCHECK_FUNCTION_EXISTS=pread -fPIE   -o CMakeFiles/cmTC_65ad6.dir/CheckFunctionExists.c.o   -c /usr/share/cmake-3.16/Modules/CheckFunctionExists.c
Linking C executable cmTC_65ad6
/usr/bin/cmake -E cmake_link_script CMakeFiles/cmTC_65ad6.dir/link.txt --verbose=1
/usr/bin/gcc  -DCHECK_FUNCTION_EXISTS=pread    CMakeFiles/cmTC_65ad6.dir/CheckFunctionExists.c.o  -o cmTC_65ad6 
make[1]: Leaving directory '/root/MiniSQL_v3/build/CMakeFiles/CMakeTmp'



Determining if the function pwrite exists passed with the following output:
Change Dir: /root/MiniSQL_v3/build/CMakeFiles/CMakeTmp

Run Build Command(s):/usr/bin/make cmTC_69109/fast && /usr/bin/make -f CMakeFiles/cmTC_69109.dir/build.make CMakeFiles/cmTC_69109.dir/build
make[1]: Entering directory '/root/MiniSQL_v3/build/CMakeFiles/CMakeTmp'
Building C object CMakeFiles/cmTC_69109.dir/CheckFunctionExists.c.o
/usr/bin/gcc   -DCHECK_FUNCTION_EXISTS=pwrite -fPIE   -o CMakeFiles/cmTC_69109.dir/CheckFunctionExists.c.o   -c /usr/share/cmake-3.16/Modules/CheckFunctionExists.c
Linking C executable cmTC_69109
/usr/bin/cmake -E cmake_link_script CMakeFiles/cmTC_69109.dir/link.txt --verbose=1
/usr/bin/gcc  -DCHECK_FUNCTION_EXISTS=pwrite    CMakeFiles/cmTC_69109.dir/CheckFunctionExists.c.o  -o cmTC_69109 
make[1]: Leaving directory '/root/MiniSQL_v3/build/CMakeFiles/CMakeTmp'



Determining if the function sigaction exists passed with the following output:
Change Dir: /root/MiniSQL_v3/build/CMakeFiles/CMakeTmp

Run Build Command(s):/usr/bin/make cmTC_772a7/fast && /usr/bin/make -f CMakeFiles/cmTC_772a7.dir/build.make CMakeFiles/cmTC_772a7.dir/build
make[1]: Entering directory '/root/MiniSQL_v3/build/CMakeFiles/CMakeTmp'
Building C object CMakeFiles/cmTC_772a7.dir/CheckFunctionExists.c.o
/usr/bin/gcc   -DCHECK_FUNCTION_EXISTS=sigaction -fPIE   -o CMakeFiles/cmTC_772a7.dir/CheckFunctionExists.c.o   -c /usr/share/cmake-3.16/Modules/CheckFunctionExists.c
Linking C executable cmTC_772a7
/usr/bin/cmake -E cmake_link_script CMakeFiles/cmTC_772a7.dir/link.txt --verbose=1
/usr/bin/gcc  -DCHECK_FUNCTION_EXISTS=sigaction    CMakeFiles/cmTC_772a7.dir/CheckFunctionExists.c.o  -o cmTC_772a7 
make[1]: Leaving directory '/root/MiniSQL_v3/build/CMakeFiles/CMakeTmp'



Determining if the function sigaltstack exists passed with the following output:
Change Dir: /root/MiniSQL_v3/build/CMakeFiles/CMakeTmp

Run Build Command(s):/usr/bin/make cmTC_68527/fast && /usr/bin/make -f CMakeFiles/cmTC_68527.dir/build.make CMakeFiles/cmTC_68527.dir/build
make[1]: Entering directory '/root/MiniSQL_v3/build/CMakeFiles/CMakeTmp'
Building C object CMakeFiles/cmTC_68527.dir/CheckFunctionExists.c.o
/usr/bin/gcc   -DCHECK_FUNCTION_EXISTS=sigaltstack -fPIE   -o CMakeFiles/cmTC_68527.dir/CheckFunctionExists.c.o   -c /usr/share/cmake-3.16/Modules/CheckFunctionExists.c
Linking C executable cmTC_68527
/usr/bin/cmake -E cmake_link_script CMakeFiles/cmTC_68527.dir/link.txt --verbose=1
/usr/bin/gcc  -DCHECK_FUNCTION_EXISTS=sigaltstack    CMakeFiles/cmTC_68527.dir/CheckFunctionExists.c.o  -o cmTC_68527 
make[1]: Leaving directory '/root/MiniSQL_v3/build/CMakeFiles/CMakeTmp'



Performing C++ SOURCE FILE Test HAVE_NO_DEPRECATED succeeded with the following output:
Change Dir: /root/MiniSQL_v3/build/CMakeFiles/CMakeTmp

Run Build Command(s):/usr/bin/make cmTC_19a4f/fast && /usr/bin/make -f CMakeFiles/cmTC_19a4f.dir/build.make CMakeFiles/cmTC_19a4f.dir/build
make[1]: Entering directory '/root/MiniSQL_v3/build/CMakeFiles/CMakeTmp'
Building CXX object CMakeFiles/cmTC_19a4f.dir/src.cxx.o
/usr/bin/g++    -DHAVE_NO_DEPRECATED -fPIE   -Wdeprecated -std=gnu++17 -o CMakeFiles/cmTC_19a4f.dir/src.cxx.o -c /root/MiniSQL_v3/build/CMakeFiles/CMakeTmp/src.cxx
Linking CXX executable cmTC_19a4f
/usr/bin/cmake -E cmake_link_script CMakeFiles/cmTC_19a4f.dir/link.txt --verbose=1
/usr/bin/g++   -DHAVE_NO_DEPRECATED    CMakeFiles/cmTC_19a4f.dir/src.cxx.o  -o cmTC_19a4f 
make[1]: Leaving directory '/root/MiniSQL_v3/build/CMakeFiles/CMakeTmp'


Source file was:
int main() { return 0; }
Determining if the snprintf exist passed with the following output:
Change Dir: /root/MiniSQL_v3/build/CMakeFiles/CMakeTmp

Run Build Command(s):/usr/bin/make cmTC_9bbd7/fast && /usr/bin/make -f CMakeFiles/cmTC_9bbd7.dir/build.make CMakeFiles/cmTC_9bbd7.dir/build
make[1]: Entering directory '/root/MiniSQL_v3/build/CMakeFiles/CMakeTmp'
Building CXX object CMakeFiles/cmTC_9bbd7.dir/CheckSymbolExists.cxx.o
/usr/bin/g++    -fPIE   -std=gnu++17 -o CMakeFiles/cmTC_9bbd7.dir/CheckSymbolExists.cxx.o -c /root/MiniSQL_v3/build/CMakeFiles/CMakeTmp/CheckSymbolExists.cxx
Linking CXX executable cmTC_9bbd7
/usr/bin/cmake -E cmake_link_script CMakeFiles/cmTC_9bbd7.dir/link.txt --verbose=1
/usr/bin/g++       CMakeFiles/cmTC_9bbd7.dir/CheckSymbolExists.cxx.o  -o cmTC_9bbd7 
make[1]: Leaving directory '/root/MiniSQL_v3/build/CMakeFiles/CMakeTmp'


File /root/MiniSQL_v3/build/CMakeFiles/CMakeTmp/CheckSymbolExists.cxx:
/* */
#include <cstdio>

int main(int argc, char** argv)
{
  (void)argv;
#ifndef snprintf
  return ((int*)(&snprintf))[argc];
#else
  (void)argc;
  return 0;
#endif
}
Performing C++ SOURCE FILE Test HAVE___ATTRIBUTE__ succeeded with the following output:
Change Dir: /root/MiniSQL_v3/build/CMakeFiles/CMakeTmp

Run Build Command(s):/usr/bin/make cmTC_6d5aa/fast && /usr/bin/make -f CMakeFiles/cmTC_6d5aa.dir/build.make CMakeFiles/cmTC_6d5aa.dir/build
make[1]: Entering directory '/root/MiniSQL_v3/build/CMakeFiles/CMakeTmp'
Building CXX object CMakeFiles/cmTC_6d5aa.dir/src.cxx.o
/usr/bin/g++    -DHAVE___ATTRIBUTE__ -fPIE   -std=gnu++17 -o CMakeFiles/cmTC_6d5aa.dir/src.cxx.o -c /root/MiniSQL_v3/build/CMakeFiles/CMakeTmp/src.cxx
Linking CXX executable cmTC_6d5aa
/usr/bin/cmake -E cmake_link_script CMakeFiles/cmTC_6d5aa.dir/link.txt --verbose=1
/usr/bin/g++   -DHAVE___ATTRIBUTE__    CMakeFiles/cmTC_6d5aa.dir/src.cxx.o  -o cmTC_6d5aa 
make[1]: Leaving directory '/root/MiniSQL_v3/build/CMakeFiles/CMakeTmp'


Source file was:

#include <cstdlib>
static void foo(void) __attribute__ ((unused));
int main(void) { return 0; }

Performing C++ SOURCE FILE Test HAVE___ATTRIBUTE__VISIBILITY_DEFAULT succeeded with the following output:
Change Dir: /root/MiniSQL_v3/build/CMakeFiles/CMakeTmp

Run Build Command(s):/usr/bin/make cmTC_645ed/fast && /usr/bin/make -f CMakeFiles/cmTC_645ed.dir/build.make CMakeFiles/cmTC_645ed.dir/build
make[1]: Entering directory '/root/MiniSQL_v3/build/CMakeFiles/CMakeTmp'
Building CXX object CMakeFiles/cmTC_645ed.dir/src.cxx.o
/usr/bin/g++    -DHAVE___ATTRIBUTE__VISIBILITY_DEFAULT -fPIE   -std=gnu++17 -o CMakeFiles/cmTC_645ed.dir/src.cxx.o -c /root/MiniSQL_v3/build/CMakeFiles/CMakeTmp/src.cxx
/root/MiniSQL_v3/build/CMakeFiles/CMakeTmp/src.cxx:3:61: warning: visibility attribute ignored [-Wattributes]
    3 | static void foo(void) __attribute__ ((visibility("default")));
      |                                                             ^
Linking CXX executable cmTC_645ed
/usr/bin/cmake -E cmake_link_script CMakeFiles/cmTC_645ed.dir/link.txt --verbose=1
/usr/bin/g++   -DHAVE___ATTRIBUTE__VISIBILITY_DEFAULT    CMakeFiles/cmTC_645ed.dir/src.cxx.o  -o cmTC_645ed 
make[1]: Leaving directory '/root/MiniSQL_v3/build/CMakeFiles/CMakeTmp'


Source file was:

#include <cstdlib>
static void foo(void) __attribute__ ((visibility("default")));
int main(void) { return 0; }

Performing C++ SOURCE FILE Test HAVE___ATTRIBUTE__VISIBILITY_HIDDEN succeeded with the following output:
Change Dir: /root/MiniSQL_v3/build/CMakeFiles/CMakeTmp

Run Build Command(s):/usr/bin/make cmTC_e4897/fast && /usr/bin/make -f CMakeFiles/cmTC_e4897.dir/build.make CMakeFiles/cmTC_e4897.dir/build
make[1]: Entering directory '/root/MiniSQL_v3/build/CMakeFiles/CMakeTmp'
Building CXX object CMakeFiles/cmTC_e4897.dir/src.cxx.o
/usr/bin/g++    -DHAVE___ATTRIBUTE__VISIBILITY_HIDDEN -fPIE   -std=gnu++17 -o CMakeFiles/cmTC_e4897.dir/src.cxx.o -c /root/MiniSQL_v3/build/CMakeFiles/CMakeTmp/src.cxx
/root/MiniSQL_v3/build/CMakeFiles/CMakeTmp/src.cxx:3:60: warning: visibility attribute ignored [-Wattributes]
    3 | static void foo(void) __attribute__ ((visibility("hidden")));
      |                                                            ^
Linking CXX executable cmTC_e4897
/usr/bin/cmake -E cmake_link_script CMakeFiles/cmTC_e4897.dir/link.txt --verbose=1
/usr/bin/g++   -DHAVE___ATTRIBUTE__VISIBILITY_HIDDEN    CMakeFiles/cmTC_e4897.dir/src.cxx.o  -o cmTC_e4897 
make[1]: Leaving directory '/root/MiniSQL_v3/build/CMakeFiles/CMakeTmp'


Source file was:

#include <cstdlib>
static void foo(void) __attribute__ ((visibility("hidden")));
int main(void) { return 0; }

Performing C++ SOURCE FILE Test HAVE___BUILTIN_EXPECT succeeded with the following output:
Change Dir: /root/MiniSQL_v3/build/CMakeFiles/CMakeTmp

Run Build Command(s):/usr/bin/make cmTC_a6dab/fast && /usr/bin/make -f CMakeFiles/cmTC_a6dab.dir/build.make CMakeFiles/cmTC_a6dab.dir/build
make[1]: Entering directory '/root/MiniSQL_v3/build/CMakeFiles/CMakeTmp'
Building CXX object CMakeFiles/cmTC_a6dab.dir/src.cxx.o
/usr/bin/g++    -DHAVE___BUILTIN_EXPECT -fPIE   -std=gnu++17 -o CMakeFiles/cmTC_a6dab.dir/src.cxx.o -c /root/MiniSQL_v3/build/CMakeFiles/CMakeTmp/src.cxx
Linking CXX executable cmTC_a6dab
/usr/bin/cmake -E cmake_link_script CMakeFiles/cmTC_a6dab.dir/link.txt --verbose=1
/usr/bin/g++   -DHAVE___BUILTIN_EXPECT    CMakeFiles/cmTC_a6dab.dir/src.cxx.o  -o cmTC_a6dab 
make[1]: Leaving directory '/root/MiniSQL_v3/build/CMakeFiles/CMakeTmp'


Source file was:

int main(void) { if (__builtin_expect(0, 0)) return 1; return 0; }

Performing C++ SOURCE FILE Test HAVE___SYNC_VAL_COMPARE_AND_SWAP succeeded with the following output:
Change Dir: /root/MiniSQL_v3/build/CMakeFiles/CMakeTmp

Run Build Command(s):/usr/bin/make cmTC_90fd7/fast && /usr/bin/make -f CMakeFiles/cmTC_90fd7.dir/build.make CMakeFiles/cmTC_90fd7.dir/build
make[1]: Entering directory '/root/MiniSQL_v3/build/CMakeFiles/CMakeTmp'
Building CXX object CMakeFiles/cmTC_90fd7.dir/src.cxx.o
/usr/bin/g++    -DHAVE___SYNC_VAL_COMPARE_AND_SWAP -fPIE   -std=gnu++17 -o CMakeFiles/cmTC_90fd7.dir/src.cxx.o -c /root/MiniSQL_v3/build/CMakeFiles/CMakeTmp/src.cxx
Linking CXX executable cmTC_90fd7
/usr/bin/cmake -E cmake_link_script CMakeFiles/cmTC_90fd7.dir/link.txt --verbose=1
/usr/bin/g++   -DHAVE___SYNC_VAL_COMPARE_AND_SWAP    CMakeFiles/cmTC_90fd7.dir/src.cxx.o  -o cmTC_90fd7 
make[1]: Leaving directory '/root/MiniSQL_v3/build/CMakeFiles/CMakeTmp'


Source file was:

int main(void)
{
  int a; if (__sync_val_compare_and_swap(&a, 0, 1)) return 1; return 0;
}

Performing C++ SOURCE FILE Test HAVE_RWLOCK succeeded with the following output:
Change Dir: /root/MiniSQL_v3/build/CMakeFiles/CMakeTmp

Run Build Command(s):/usr/bin/make cmTC_fc033/fast && /usr/bin/make -f CMakeFiles/cmTC_fc033.dir/build.make CMakeFiles/cmTC_fc033.dir/build
make[1]: Entering directory '/root/MiniSQL_v3/build/CMakeFiles/CMakeTmp'
Building CXX object CMakeFiles/cmTC_fc033.dir/src.cxx.o
/usr/bin/g++    -DHAVE_RWLOCK -fPIE   -std=gnu++17 -o CMakeFiles/cmTC_fc033.dir/src.cxx.o -c /root/MiniSQL_v3/build/CMakeFiles/CMakeTmp/src.cxx
Linking CXX executable cmTC_fc033
/usr/bin/cmake -E cmake_link_script CMakeFiles/cmTC_fc033.dir/link.txt --verbose=1
/usr/bin/g++   -DHAVE_RWLOCK    CMakeFiles/cmTC_fc033.dir/src.cxx.o  -o cmTC_fc033  -lpthread 
make[1]: Leaving directory '/root/MiniSQL_v3/build/CMakeFiles/CMakeTmp'


Source file was:

#define _XOPEN_SOURCE 500
#include <pthread.h>
int main(void)
{
  pthread_rwlock_t l;
  pthread_rwlock_init(&l, NULL);
  pthread_rwlock_rdlock(&l);
  return 0;
}

Performing C++ SOURCE FILE Test STL_STD_NAMESPACE succeeded with the following output:
Change Dir: /root/MiniSQL_v3/build/CMakeFiles/CMakeTmp

Run Build Command(s):/usr/bin/make cmTC_0e530/fast && /usr/bin/make -f CMakeFiles/cmTC_0e530.dir/build.make CMakeFiles/cmTC_0e530.dir/build
make[1]: Entering directory '/root/MiniSQL_v3/build/CMakeFiles/CMakeTmp'
Building CXX object CMakeFiles/cmTC_0e530.dir/src.cxx.o
/usr/bin/g++    -DSTL_STD_NAMESPACE -fPIE   -std=gnu++17 -o CMakeFiles/cmTC_0e530.dir/src.cxx.o -c /root/MiniSQL_v3/build/CMakeFiles/CMakeTmp/src.cxx
Linking CXX executable cmTC_0e530
/usr/bin/cmake -E cmake_link_script CMakeFiles/cmTC_0e530.dir/link.txt --verbose=1
/usr/bin/g++   -DSTL_STD_NAMESPACE    CMakeFiles/cmTC_0e530.dir/src.cxx.o  -o cmTC_0e530 
make[1]: Leaving directory '/root/MiniSQL_v3/build/CMakeFiles/CMakeTmp'


Source file was:

#include <vector>
std::vector<int> t; int main() { }

Performing C++ SOURCE FILE Test HAVE_USING_OPERATOR succeeded with the following output:
Change Dir: /root/MiniSQL_v3/build/CMakeFiles/CMakeTmp

Run Build Command(s):/usr/bin/make cmTC_c8ead/fast && /usr/bin/make -f CMakeFiles/cmTC_c8ead.dir/build.make CMakeFiles/cmTC_c8ead.dir/build
make[1]: Entering directory '/root/MiniSQL_v3/build/CMakeFiles/CMakeTmp'
Building CXX object CMakeFiles/cmTC_c8ead.dir/src.cxx.o
/usr/bin/g++    -DHAVE_USING_OPERATOR -fPIE   -std=gnu++17 -o CMakeFiles/cmTC_c8ead.dir/src.cxx.o -c /root/MiniSQL_v3/build/CMakeFiles/CMakeTmp/src.cxx
Linking CXX executable cmTC_c8ead
/usr/bin/cmake -E cmake_link_script CMakeFiles/cmTC_c8ead.dir/link.txt --verbose=1
/usr/bin/g++   -DHAVE_USING_OPERATOR    CMakeFiles/cmTC_c8ead.dir/src.cxx.o  -o cmTC_c8ead 
make[1]: Leaving directory '/root/MiniSQL_v3/build/CMakeFiles/CMakeTmp'


Source file was:

#include <iostream>
std::ostream& operator<<(std::ostream&, struct s);
using ::operator<<;
int main() { }

Performing C++ SOURCE FILE Test HAVE_NAMESPACES succeeded with the following output:
Change Dir: /root/MiniSQL_v3/build/CMakeFiles/CMakeTmp

Run Build Command(s):/usr/bin/make cmTC_dec08/fast && /usr/bin/make -f CMakeFiles/cmTC_dec08.dir/build.make CMakeFiles/cmTC_dec08.dir/build
make[1]: Entering directory '/root/MiniSQL_v3/build/CMakeFiles/CMakeTmp'
Building CXX object CMakeFiles/cmTC_dec08.dir/src.cxx.o
/usr/bin/g++    -DHAVE_NAMESPACES -fPIE   -std=gnu++17 -o CMakeFiles/cmTC_dec08.dir/src.cxx.o -c /root/MiniSQL_v3/build/CMakeFiles/CMakeTmp/src.cxx
Linking CXX executable cmTC_dec08
/usr/bin/cmake -E cmake_link_script CMakeFiles/cmTC_dec08.dir/link.txt --verbose=1
/usr/bin/g++   -DHAVE_NAMESPACES    CMakeFiles/cmTC_dec08.dir/src.cxx.o  -o cmTC_dec08 
make[1]: Leaving directory '/root/MiniSQL_v3/build/CMakeFiles/CMakeTmp'


Source file was:

namespace Outer { namespace Inner { int i = 0; }}
using namespace Outer::Inner;;
int main() { return i; }

Performing C++ SOURCE FILE Test HAVE_GCC_TLS succeeded with the following output:
Change Dir: /root/MiniSQL_v3/build/CMakeFiles/CMakeTmp

Run Build Command(s):/usr/bin/make cmTC_b98b9/fast && /usr/bin/make -f CMakeFiles/cmTC_b98b9.dir/build.make CMakeFiles/cmTC_b98b9.dir/build
make[1]: Entering directory '/root/MiniSQL_v3/build/CMakeFiles/CMakeTmp'
Building CXX object CMakeFiles/cmTC_b98b9.dir/src.cxx.o
/usr/bin/g++    -DHAVE_GCC_TLS -fPIE   -std=gnu++17 -o CMakeFiles/cmTC_b98b9.dir/src.cxx.o -c /root/MiniSQL_v3/build/CMakeFiles/CMakeTmp/src.cxx
Linking CXX executable cmTC_b98b9
/usr/bin/cmake -E cmake_link_script CMakeFiles/cmTC_b98b9.dir/link.txt --verbose=1
/usr/bin/g++   -DHAVE_GCC_TLS    CMakeFiles/cmTC_b98b9.dir/src.cxx.o  -o cmTC_b98b9 
make[1]: Leaving directory '/root/MiniSQL_v3/build/CMakeFiles/CMakeTmp'


Source file was:

__thread int tls;
int main() { }

Performing C++ SOURCE FILE Test HAVE_CXX11_TLS succeeded with the following output:
Change Dir: /root/MiniSQL_v3/build/CMakeFiles/CMakeTmp

Run Build Command(s):/usr/bin/make cmTC_b639a/fast && /usr/bin/make -f CMakeFiles/cmTC_b639a.dir/build.make CMakeFiles/cmTC_b639a.dir/build
make[1]: Entering directory '/root/MiniSQL_v3/build/CMakeFiles/CMakeTmp'
Building CXX object CMakeFiles/cmTC_b639a.dir/src.cxx.o
/usr/bin/g++    -DHAVE_CXX11_TLS -fPIE   -std=gnu++17 -o CMakeFiles/cmTC_b639a.dir/src.cxx.o -c /root/MiniSQL_v3/build/CMakeFiles/CMakeTmp/src.cxx
Linking CXX executable cmTC_b639a
/usr/bin/cmake -E cmake_link_script CMakeFiles/cmTC_b639a.dir/link.txt --verbose=1
/usr/bin/g++   -DHAVE_CXX11_TLS    CMakeFiles/cmTC_b639a.dir/src.cxx.o  -o cmTC_b639a 
make[1]: Leaving directory '/root/MiniSQL_v3/build/CMakeFiles/CMakeTmp'


Source file was:

thread_local int tls;
int main() { }

Performing C++ SOURCE FILE Test HAVE_ALIGNED_STORAGE succeeded with the following output:
Change Dir: /root/MiniSQL_v3/build/CMakeFiles/CMakeTmp

Run Build Command(s):/usr/bin/make cmTC_bf1b7/fast && /usr/bin/make -f CMakeFiles/cmTC_bf1b7.dir/build.make CMakeFiles/cmTC_bf1b7.dir/build
make[1]: Entering directory '/root/MiniSQL_v3/build/CMakeFiles/CMakeTmp'
Building CXX object CMakeFiles/cmTC_bf1b7.dir/src.cxx.o
/usr/bin/g++    -DHAVE_ALIGNED_STORAGE -fPIE   -std=gnu++17 -o CMakeFiles/cmTC_bf1b7.dir/src.cxx.o -c /root/MiniSQL_v3/build/CMakeFiles/CMakeTmp/src.cxx
Linking CXX executable cmTC_bf1b7
/usr/bin/cmake -E cmake_link_script CMakeFiles/cmTC_bf1b7.dir/link.txt --verbose=1
/usr/bin/g++   -DHAVE_ALIGNED_STORAGE    CMakeFiles/cmTC_bf1b7.dir/src.cxx.o  -o cmTC_bf1b7 
make[1]: Leaving directory '/root/MiniSQL_v3/build/CMakeFiles/CMakeTmp'


Source file was:

#include <type_traits>
std::aligned_storage<sizeof(char), alignof(char)>::type data;
int main() { }

Performing C++ SOURCE FILE Test HAVE_CXX11_ATOMIC succeeded with the following output:
Change Dir: /root/MiniSQL_v3/build/CMakeFiles/CMakeTmp

Run Build Command(s):/usr/bin/make cmTC_4b962/fast && /usr/bin/make -f CMakeFiles/cmTC_4b962.dir/build.make CMakeFiles/cmTC_4b962.dir/build
make[1]: Entering directory '/root/MiniSQL_v3/build/CMakeFiles/CMakeTmp'
Building CXX object CMakeFiles/cmTC_4b962.dir/src.cxx.o
/usr/bin/g++    -DHAVE_CXX11_ATOMIC -fPIE   -std=gnu++17 -o CMakeFiles/cmTC_4b962.dir/src.cxx.o -c /root/MiniSQL_v3/build/CMakeFiles/CMakeTmp/src.cxx
Linking CXX executable cmTC_4b962
/usr/bin/cmake -E cmake_link_script CMakeFiles/cmTC_4b962.dir/link.txt --verbose=1
/usr/bin/g++   -DHAVE_CXX11_ATOMIC    CMakeFiles/cmTC_4b962.dir/src.cxx.o  -o cmTC_4b962 
make[1]: Leaving directory '/root/MiniSQL_v3/build/CMakeFiles/CMakeTmp'


Source file was:

#include <atomic>
std::atomic<int> i;
int main() { }

Performing C++ SOURCE FILE Test HAVE_CXX11_CONSTEXPR succeeded with the following output:
Change Dir: /root/MiniSQL_v3/build/CMakeFiles/CMakeTmp

Run Build Command(s):/usr/bin/make cmTC_f74bb/fast && /usr/bin/make -f CMakeFiles/cmTC_f74bb.dir/build.make CMakeFiles/cmTC_f74bb.dir/build
make[1]: Entering directory '/root/MiniSQL_v3/build/CMakeFiles/CMakeTmp'
Building CXX object CMakeFiles/cmTC_f74bb.dir/src.cxx.o
/usr/bin/g++    -DHAVE_CXX11_CONSTEXPR -fPIE   -std=gnu++17 -o CMakeFiles/cmTC_f74bb.dir/src.cxx.o -c /root/MiniSQL_v3/build/CMakeFiles/CMakeTmp/src.cxx
Linking CXX executable cmTC_f74bb
/usr/bin/cmake -E cmake_link_script CMakeFiles/cmTC_f74bb.dir/link.txt --verbose=1
/usr/bin/g++   -DHAVE_CXX11_CONSTEXPR    CMakeFiles/cmTC_f74bb.dir/src.cxx.o  -o cmTC_f74bb 
make[1]: Leaving directory '/root/MiniSQL_v3/build/CMakeFiles/CMakeTmp'


Source file was:

constexpr int x = 0;
int main() { }

Performing C++ SOURCE FILE Test HAVE_CXX11_CHRONO succeeded with the following output:
Change Dir: /root/MiniSQL_v3/build/CMakeFiles/CMakeTmp

Run Build Command(s):/usr/bin/make cmTC_ebf39/fast && /usr/bin/make -f CMakeFiles/cmTC_ebf39.dir/build.make CMakeFiles/cmTC_ebf39.dir/build
make[1]: Entering directory '/root/MiniSQL_v3/build/CMakeFiles/CMakeTmp'
Building CXX object CMakeFiles/cmTC_ebf39.dir/src.cxx.o
/usr/bin/g++    -DHAVE_CXX11_CHRONO -fPIE   -std=gnu++17 -o CMakeFiles/cmTC_ebf39.dir/src.cxx.o -c /root/MiniSQL_v3/build/CMakeFiles/CMakeTmp/src.cxx
Linking CXX executable cmTC_ebf39
/usr/bin/cmake -E cmake_link_script CMakeFiles/cmTC_ebf39.dir/link.txt --verbose=1
/usr/bin/g++   -DHAVE_CXX11_CHRONO    CMakeFiles/cmTC_ebf39.dir/src.cxx.o  -o cmTC_ebf39 
make[1]: Leaving directory '/root/MiniSQL_v3/build/CMakeFiles/CMakeTmp'


Source file was:

#include <chrono>
std::chrono::seconds s;
int main() { }

Performing C++ SOURCE FILE Test HAVE_CXX11_NULLPTR_T succeeded with the following output:
Change Dir: /root/MiniSQL_v3/build/CMakeFiles/CMakeTmp

Run Build Command(s):/usr/bin/make cmTC_217e7/fast && /usr/bin/make -f CMakeFiles/cmTC_217e7.dir/build.make CMakeFiles/cmTC_217e7.dir/build
make[1]: Entering directory '/root/MiniSQL_v3/build/CMakeFiles/CMakeTmp'
Building CXX object CMakeFiles/cmTC_217e7.dir/src.cxx.o
/usr/bin/g++    -DHAVE_CXX11_NULLPTR_T -fPIE   -std=gnu++17 -o CMakeFiles/cmTC_217e7.dir/src.cxx.o -c /root/MiniSQL_v3/build/CMakeFiles/CMakeTmp/src.cxx
Linking CXX executable cmTC_217e7
/usr/bin/cmake -E cmake_link_script CMakeFiles/cmTC_217e7.dir/link.txt --verbose=1
/usr/bin/g++   -DHAVE_CXX11_NULLPTR_T    CMakeFiles/cmTC_217e7.dir/src.cxx.o  -o cmTC_217e7 
make[1]: Leaving directory '/root/MiniSQL_v3/build/CMakeFiles/CMakeTmp'


Source file was:

#include <cstddef>
void foo(std::nullptr_t) {}
int main(void) { foo(nullptr); }

Performing C++ SOURCE FILE Test HAVE_LOCALTIME_R succeeded with the following output:
Change Dir: /root/MiniSQL_v3/build/CMakeFiles/CMakeTmp

Run Build Command(s):/usr/bin/make cmTC_dd5f9/fast && /usr/bin/make -f CMakeFiles/cmTC_dd5f9.dir/build.make CMakeFiles/cmTC_dd5f9.dir/build
make[1]: Entering directory '/root/MiniSQL_v3/build/CMakeFiles/CMakeTmp'
Building CXX object CMakeFiles/cmTC_dd5f9.dir/src.cxx.o
/usr/bin/g++    -DHAVE_LOCALTIME_R -fPIE   -std=gnu++17 -o CMakeFiles/cmTC_dd5f9.dir/src.cxx.o -c /root/MiniSQL_v3/build/CMakeFiles/CMakeTmp/src.cxx
Linking CXX executable cmTC_dd5f9
/usr/bin/cmake -E cmake_link_script CMakeFiles/cmTC_dd5f9.dir/link.txt --verbose=1
/usr/bin/g++   -DHAVE_LOCALTIME_R    CMakeFiles/cmTC_dd5f9.dir/src.cxx.o  -o cmTC_dd5f9 
make[1]: Leaving directory '/root/MiniSQL_v3/build/CMakeFiles/CMakeTmp'


Source file was:

#include <cstdlib>
#include <ctime>
int main()
{
    time_t timep;
    struct tm result;
    localtime_r(&timep, &result);
    return EXIT_SUCCESS;
}

Performing C++ SOURCE FILE Test COMPILER_HAS_HIDDEN_VISIBILITY succeeded with the following output:
Change Dir: /root/MiniSQL_v3/build/CMakeFiles/CMakeTmp

Run Build Command(s):/usr/bin/make cmTC_82ca2/fast && /usr/bin/make -f CMakeFiles/cmTC_82ca2.dir/build.make CMakeFiles/cmTC_82ca2.dir/build
make[1]: Entering directory '/root/MiniSQL_v3/build/CMakeFiles/CMakeTmp'
Building CXX object CMakeFiles/cmTC_82ca2.dir/src.cxx.o
/usr/bin/g++    -DCOMPILER_HAS_HIDDEN_VISIBILITY -fPIE   -fvisibility=hidden -std=gnu++17 -o CMakeFiles/cmTC_82ca2.dir/src.cxx.o -c /root/MiniSQL_v3/build/CMakeFiles/CMakeTmp/src.cxx
Linking CXX executable cmTC_82ca2
/usr/bin/cmake -E cmake_link_script CMakeFiles/cmTC_82ca2.dir/link.txt --verbose=1
/usr/bin/g++   -DCOMPILER_HAS_HIDDEN_VISIBILITY    CMakeFiles/cmTC_82ca2.dir/src.cxx.o  -o cmTC_82ca2 
make[1]: Leaving directory '/root/MiniSQL_v3/build/CMakeFiles/CMakeTmp'


Source file was:
int main() { return 0; }
Performing C++ SOURCE FILE Test COMPILER_HAS_HIDDEN_INLINE_VISIBILITY succeeded with the following output:
Change Dir: /root/MiniSQL_v3/build/CMakeFiles/CMakeTmp

Run Build Command(s):/usr/bin/make cmTC_f3bcc/fast && /usr/bin/make -f CMakeFiles/cmTC_f3bcc.dir/build.make CMakeFiles/cmTC_f3bcc.dir/build
make[1]: Entering directory '/root/MiniSQL_v3/build/CMakeFiles/CMakeTmp'
Building CXX object CMakeFiles/cmTC_f3bcc.dir/src.cxx.o
/usr/bin/g++    -DCOMPILER_HAS_HIDDEN_INLINE_VISIBILITY -fPIE   -fvisibility-inlines-hidden -std=gnu++17 -o CMakeFiles/cmTC_f3bcc.dir/src.cxx.o -c /root/MiniSQL_v3/build/CMakeFiles/CMakeTmp/src.cxx
Linking CXX executable cmTC_f3bcc
/usr/bin/cmake -E cmake_link_script CMakeFiles/cmTC_f3bcc.dir/link.txt --verbose=1
/usr/bin/g++   -DCOMPILER_HAS_HIDDEN_INLINE_VISIBILITY    CMakeFiles/cmTC_f3bcc.dir/src.cxx.o  -o cmTC_f3bcc 
make[1]: Leaving directory '/root/MiniSQL_v3/build/CMakeFiles/CMakeTmp'


Source file was:
int main() { return 0; }
Performing C++ SOURCE FILE Test COMPILER_HAS_DEPRECATED_ATTR succeeded with the following output:
Change Dir: /root/MiniSQL_v3/build/CMakeFiles/CMakeTmp

Run Build Command(s):/usr/bin/make cmTC_11590/fast && /usr/bin/make -f CMakeFiles/cmTC_11590.dir/build.make CMakeFiles/cmTC_11590.dir/build
make[1]: Entering directory '/root/MiniSQL_v3/build/CMakeFiles/CMakeTmp'
Building CXX object CMakeFiles/cmTC_11590.dir/src.cxx.o
/usr/bin/g++    -DCOMPILER_HAS_DEPRECATED_ATTR -fPIE   -std=gnu++17 -o CMakeFiles/cmTC_11590.dir/src.cxx.o -c /root/MiniSQL_v3/build/CMakeFiles/CMakeTmp/src.cxx
/root/MiniSQL_v3/build/CMakeFiles/CMakeTmp/src.cxx: In function int main():
/root/MiniSQL_v3/build/CMakeFiles/CMakeTmp/src.cxx:2:34: warning: int somefunc() is deprecated [-Wdeprecated-declarations]
    2 |     int main() { return somefunc();}
      |                                  ^
/root/MiniSQL_v3/build/CMakeFiles/CMakeTmp/src.cxx:1:37: note: declared here
    1 | __attribute__((__deprecated__)) int somefunc() { return 0; }
      |                                     ^~~~~~~~
/root/MiniSQL_v3/build/CMakeFiles/CMakeTmp/src.cxx:2:34: warning: int somefunc() is deprecated [-Wdeprecated-declarations]
    2 |     int main() { return somefunc();}
      |                                  ^
/root/MiniSQL_v3/build/CMakeFiles/CMakeTmp/src.cxx:1:37: note: declared here
    1 | __attribute__((__deprecated__)) int somefunc() { return 0; }
      |                                     ^~~~~~~~
Linking CXX executable cmTC_11590
/usr/bin/cmake -E cmake_link_script CMakeFiles/cmTC_11590.dir/link.txt --verbose=1
/usr/bin/g++   -DCOMPILER_HAS_DEPRECATED_ATTR    CMakeFiles/cmTC_11590.dir/src.cxx.o  -o cmTC_11590 
make[1]: Leaving directory '/root/MiniSQL_v3/build/CMakeFiles/CMakeTmp'


Source file was:
__attribute__((__deprecated__)) int somefunc() { return 0; }
    int main() { return somefunc();}
